mode: atomic
github.com/gostevedore/stevedore/internal/application/create/configuration/createConfiguration.go:19.96,25.2 3 1
github.com/gostevedore/stevedore/internal/application/create/configuration/createConfiguration.go:27.65,28.49 1 1
github.com/gostevedore/stevedore/internal/application/create/configuration/createConfiguration.go:28.49,30.3 1 1
github.com/gostevedore/stevedore/internal/application/create/configuration/createConfiguration.go:34.71,35.27 1 1
github.com/gostevedore/stevedore/internal/application/create/configuration/createConfiguration.go:35.27,37.3 1 1
github.com/gostevedore/stevedore/internal/application/create/configuration/createConfiguration.go:41.138,45.19 3 1
github.com/gostevedore/stevedore/internal/application/create/configuration/createConfiguration.go:49.2,50.16 2 1
github.com/gostevedore/stevedore/internal/application/create/configuration/createConfiguration.go:54.2,55.16 2 1
github.com/gostevedore/stevedore/internal/application/create/configuration/createConfiguration.go:59.2,59.12 1 1
github.com/gostevedore/stevedore/internal/application/create/configuration/createConfiguration.go:45.19,47.3 1 0
github.com/gostevedore/stevedore/internal/application/create/configuration/createConfiguration.go:50.16,52.3 1 0
github.com/gostevedore/stevedore/internal/application/create/configuration/createConfiguration.go:55.16,57.3 1 0
github.com/gostevedore/stevedore/internal/application/create/configuration/mockApplicatioin.go:16.82,18.2 1 0
github.com/gostevedore/stevedore/internal/application/create/configuration/mockApplicatioin.go:21.142,24.2 2 0
github.com/gostevedore/stevedore/internal/application/get/configuration/mockApplicatioin.go:15.76,17.2 1 0
github.com/gostevedore/stevedore/internal/application/get/configuration/mockApplicatioin.go:20.120,23.2 2 0
github.com/gostevedore/stevedore/internal/application/get/configuration/getConfiguration.go:19.90,25.2 3 1
github.com/gostevedore/stevedore/internal/application/get/configuration/getConfiguration.go:27.65,28.46 1 1
github.com/gostevedore/stevedore/internal/application/get/configuration/getConfiguration.go:28.46,30.3 1 1
github.com/gostevedore/stevedore/internal/application/get/configuration/getConfiguration.go:34.68,35.27 1 1
github.com/gostevedore/stevedore/internal/application/get/configuration/getConfiguration.go:35.27,37.3 1 1
github.com/gostevedore/stevedore/internal/application/get/configuration/getConfiguration.go:41.116,45.34 2 1
github.com/gostevedore/stevedore/internal/application/get/configuration/getConfiguration.go:49.2,50.16 2 1
github.com/gostevedore/stevedore/internal/application/get/configuration/getConfiguration.go:54.2,54.12 1 1
github.com/gostevedore/stevedore/internal/application/get/configuration/getConfiguration.go:45.34,47.3 1 0
github.com/gostevedore/stevedore/internal/application/get/configuration/getConfiguration.go:50.16,52.3 1 0
github.com/gostevedore/stevedore/internal/application/get/credentials/application.go:20.58,26.2 3 1
github.com/gostevedore/stevedore/internal/application/get/credentials/application.go:28.78,29.30 1 1
github.com/gostevedore/stevedore/internal/application/get/credentials/application.go:29.30,31.3 1 1
github.com/gostevedore/stevedore/internal/application/get/credentials/application.go:34.67,35.30 1 1
github.com/gostevedore/stevedore/internal/application/get/credentials/application.go:35.30,37.3 1 1
github.com/gostevedore/stevedore/internal/application/get/credentials/application.go:41.52,42.27 1 2
github.com/gostevedore/stevedore/internal/application/get/credentials/application.go:42.27,44.3 1 2
github.com/gostevedore/stevedore/internal/application/get/credentials/application.go:48.82,55.16 4 1
github.com/gostevedore/stevedore/internal/application/get/credentials/application.go:59.2,60.16 2 1
github.com/gostevedore/stevedore/internal/application/get/credentials/application.go:64.2,64.12 1 1
github.com/gostevedore/stevedore/internal/application/get/credentials/application.go:55.16,57.3 1 0
github.com/gostevedore/stevedore/internal/application/get/credentials/application.go:60.16,62.3 1 0
github.com/gostevedore/stevedore/internal/application/get/credentials/mockApplicatioin.go:15.44,17.2 1 0
github.com/gostevedore/stevedore/internal/application/get/credentials/mockApplicatioin.go:20.86,23.2 2 0
github.com/gostevedore/stevedore/internal/application/create/credentials/createCredentials.go:20.92,26.2 3 4
github.com/gostevedore/stevedore/internal/application/create/credentials/createCredentials.go:29.64,30.49 1 3
github.com/gostevedore/stevedore/internal/application/create/credentials/createCredentials.go:30.49,32.3 1 3
github.com/gostevedore/stevedore/internal/application/create/credentials/createCredentials.go:36.69,37.27 1 4
github.com/gostevedore/stevedore/internal/application/create/credentials/createCredentials.go:37.27,39.3 1 3
github.com/gostevedore/stevedore/internal/application/create/credentials/createCredentials.go:43.146,48.20 3 4
github.com/gostevedore/stevedore/internal/application/create/credentials/createCredentials.go:52.2,52.23 1 3
github.com/gostevedore/stevedore/internal/application/create/credentials/createCredentials.go:56.2,56.14 1 2
github.com/gostevedore/stevedore/internal/application/create/credentials/createCredentials.go:60.2,61.16 2 1
github.com/gostevedore/stevedore/internal/application/create/credentials/createCredentials.go:65.2,66.16 2 1
github.com/gostevedore/stevedore/internal/application/create/credentials/createCredentials.go:70.2,70.12 1 1
github.com/gostevedore/stevedore/internal/application/create/credentials/createCredentials.go:48.20,50.3 1 1
github.com/gostevedore/stevedore/internal/application/create/credentials/createCredentials.go:52.23,54.3 1 1
github.com/gostevedore/stevedore/internal/application/create/credentials/createCredentials.go:56.14,58.3 1 1
github.com/gostevedore/stevedore/internal/application/create/credentials/createCredentials.go:61.16,63.3 1 0
github.com/gostevedore/stevedore/internal/application/create/credentials/createCredentials.go:66.16,68.3 1 0
github.com/gostevedore/stevedore/internal/application/create/credentials/mockApplicatioin.go:16.78,18.2 1 0
github.com/gostevedore/stevedore/internal/application/create/credentials/mockApplicatioin.go:21.150,24.2 2 0
github.com/gostevedore/stevedore/internal/core/domain/builder/builderOptions.go:21.78,26.26 3 4
github.com/gostevedore/stevedore/internal/core/domain/builder/builderOptions.go:60.2,60.25 1 2
github.com/gostevedore/stevedore/internal/core/domain/builder/builderOptions.go:27.37,28.82 1 0
github.com/gostevedore/stevedore/internal/core/domain/builder/builderOptions.go:29.35,30.97 1 0
github.com/gostevedore/stevedore/internal/core/domain/builder/builderOptions.go:31.30,35.17 3 1
github.com/gostevedore/stevedore/internal/core/domain/builder/builderOptions.go:39.3,40.17 2 1
github.com/gostevedore/stevedore/internal/core/domain/builder/builderOptions.go:44.3,44.65 1 1
github.com/gostevedore/stevedore/internal/core/domain/builder/builderOptions.go:46.21,48.17 2 2
github.com/gostevedore/stevedore/internal/core/domain/builder/builderOptions.go:52.3,53.17 2 2
github.com/gostevedore/stevedore/internal/core/domain/builder/builderOptions.go:56.10,57.90 1 1
github.com/gostevedore/stevedore/internal/core/domain/builder/builderOptions.go:35.17,37.4 1 0
github.com/gostevedore/stevedore/internal/core/domain/builder/builderOptions.go:40.17,42.4 1 0
github.com/gostevedore/stevedore/internal/core/domain/builder/builderOptions.go:48.17,50.4 1 0
github.com/gostevedore/stevedore/internal/core/domain/builder/builderOptions.go:53.17,55.4 1 1
github.com/gostevedore/stevedore/internal/core/domain/builder/builder.go:30.96,32.20 1 3
github.com/gostevedore/stevedore/internal/core/domain/builder/builder.go:36.2,36.19 1 3
github.com/gostevedore/stevedore/internal/core/domain/builder/builder.go:43.2,48.3 1 3
github.com/gostevedore/stevedore/internal/core/domain/builder/builder.go:32.20,34.3 1 3
github.com/gostevedore/stevedore/internal/core/domain/builder/builder.go:36.19,39.3 1 2
github.com/gostevedore/stevedore/internal/core/domain/builder/builder.go:39.8,41.3 1 1
github.com/gostevedore/stevedore/internal/core/domain/builder/builder.go:52.61,58.16 4 3
github.com/gostevedore/stevedore/internal/core/domain/builder/builder.go:62.2,62.31 1 3
github.com/gostevedore/stevedore/internal/core/domain/builder/builder.go:66.2,66.21 1 3
github.com/gostevedore/stevedore/internal/core/domain/builder/builder.go:58.16,60.3 1 0
github.com/gostevedore/stevedore/internal/core/domain/builder/builder.go:62.31,64.3 1 3
github.com/gostevedore/stevedore/internal/core/domain/builder/builder.go:70.65,78.16 6 3
github.com/gostevedore/stevedore/internal/core/domain/builder/builder.go:82.2,83.16 2 3
github.com/gostevedore/stevedore/internal/core/domain/builder/builder.go:87.2,87.31 1 2
github.com/gostevedore/stevedore/internal/core/domain/builder/builder.go:91.2,91.21 1 2
github.com/gostevedore/stevedore/internal/core/domain/builder/builder.go:78.16,80.3 1 0
github.com/gostevedore/stevedore/internal/core/domain/builder/builder.go:83.16,85.3 1 1
github.com/gostevedore/stevedore/internal/core/domain/builder/builder.go:87.31,89.3 1 2
github.com/gostevedore/stevedore/internal/core/domain/builder/builder.go:95.41,97.2 1 1
github.com/gostevedore/stevedore/internal/core/domain/builder/builder.go:100.45,102.2 1 1
github.com/gostevedore/stevedore/internal/core/domain/builder/builder.go:105.56,107.2 1 1
github.com/gostevedore/stevedore/internal/core/domain/builder/builder.go:110.59,112.2 1 1
github.com/gostevedore/stevedore/internal/application/get/builders/getBuilders.go:25.80,31.2 3 9
github.com/gostevedore/stevedore/internal/application/get/builders/getBuilders.go:34.75,35.41 1 8
github.com/gostevedore/stevedore/internal/application/get/builders/getBuilders.go:35.41,37.3 1 8
github.com/gostevedore/stevedore/internal/application/get/builders/getBuilders.go:41.71,42.41 1 7
github.com/gostevedore/stevedore/internal/application/get/builders/getBuilders.go:42.41,44.3 1 7
github.com/gostevedore/stevedore/internal/application/get/builders/getBuilders.go:48.81,49.41 1 6
github.com/gostevedore/stevedore/internal/application/get/builders/getBuilders.go:49.41,51.3 1 6
github.com/gostevedore/stevedore/internal/application/get/builders/getBuilders.go:55.66,56.41 1 4
github.com/gostevedore/stevedore/internal/application/get/builders/getBuilders.go:56.41,58.3 1 4
github.com/gostevedore/stevedore/internal/application/get/builders/getBuilders.go:62.67,63.41 1 5
github.com/gostevedore/stevedore/internal/application/get/builders/getBuilders.go:63.41,65.3 1 5
github.com/gostevedore/stevedore/internal/application/get/builders/getBuilders.go:69.63,70.27 1 9
github.com/gostevedore/stevedore/internal/application/get/builders/getBuilders.go:70.27,72.3 1 30
github.com/gostevedore/stevedore/internal/application/get/builders/getBuilders.go:76.111,84.28 5 9
github.com/gostevedore/stevedore/internal/application/get/builders/getBuilders.go:88.2,88.26 1 8
github.com/gostevedore/stevedore/internal/application/get/builders/getBuilders.go:92.2,92.24 1 7
github.com/gostevedore/stevedore/internal/application/get/builders/getBuilders.go:96.2,96.28 1 6
github.com/gostevedore/stevedore/internal/application/get/builders/getBuilders.go:100.2,100.21 1 5
github.com/gostevedore/stevedore/internal/application/get/builders/getBuilders.go:104.2,107.16 3 4
github.com/gostevedore/stevedore/internal/application/get/builders/getBuilders.go:111.2,112.16 2 4
github.com/gostevedore/stevedore/internal/application/get/builders/getBuilders.go:116.2,118.40 2 4
github.com/gostevedore/stevedore/internal/application/get/builders/getBuilders.go:138.2,139.16 2 4
github.com/gostevedore/stevedore/internal/application/get/builders/getBuilders.go:143.2,143.12 1 4
github.com/gostevedore/stevedore/internal/application/get/builders/getBuilders.go:84.28,86.3 1 1
github.com/gostevedore/stevedore/internal/application/get/builders/getBuilders.go:88.26,90.3 1 1
github.com/gostevedore/stevedore/internal/application/get/builders/getBuilders.go:92.24,94.3 1 1
github.com/gostevedore/stevedore/internal/application/get/builders/getBuilders.go:96.28,98.3 1 1
github.com/gostevedore/stevedore/internal/application/get/builders/getBuilders.go:100.21,102.3 1 1
github.com/gostevedore/stevedore/internal/application/get/builders/getBuilders.go:107.16,109.3 1 0
github.com/gostevedore/stevedore/internal/application/get/builders/getBuilders.go:112.16,114.3 1 0
github.com/gostevedore/stevedore/internal/application/get/builders/getBuilders.go:118.40,121.17 3 3
github.com/gostevedore/stevedore/internal/application/get/builders/getBuilders.go:125.3,125.28 1 3
github.com/gostevedore/stevedore/internal/application/get/builders/getBuilders.go:121.17,123.4 1 0
github.com/gostevedore/stevedore/internal/application/get/builders/getBuilders.go:125.28,127.14 2 3
github.com/gostevedore/stevedore/internal/application/get/builders/getBuilders.go:131.4,132.18 2 3
github.com/gostevedore/stevedore/internal/application/get/builders/getBuilders.go:127.14,128.13 1 0
github.com/gostevedore/stevedore/internal/application/get/builders/getBuilders.go:132.18,134.5 1 0
github.com/gostevedore/stevedore/internal/application/get/builders/getBuilders.go:139.16,141.3 1 0
github.com/gostevedore/stevedore/internal/application/get/builders/getBuilders.go:146.85,150.31 2 4
github.com/gostevedore/stevedore/internal/application/get/builders/getBuilders.go:161.2,161.18 1 4
github.com/gostevedore/stevedore/internal/application/get/builders/getBuilders.go:150.31,151.31 1 3
github.com/gostevedore/stevedore/internal/application/get/builders/getBuilders.go:152.15,153.12 1 0
github.com/gostevedore/stevedore/internal/application/get/builders/getBuilders.go:154.25,155.57 1 3
github.com/gostevedore/stevedore/internal/application/get/builders/getBuilders.go:156.11,157.12 1 0
github.com/gostevedore/stevedore/internal/application/get/builders/mockApplicatioin.go:15.66,17.2 1 0
github.com/gostevedore/stevedore/internal/application/get/builders/mockApplicatioin.go:20.115,23.2 2 0
github.com/gostevedore/stevedore/internal/core/domain/credentials/credential.go:46.55,50.23 2 10
github.com/gostevedore/stevedore/internal/core/domain/credentials/credential.go:55.2,55.60 1 10
github.com/gostevedore/stevedore/internal/core/domain/credentials/credential.go:59.2,59.76 1 9
github.com/gostevedore/stevedore/internal/core/domain/credentials/credential.go:63.2,63.46 1 8
github.com/gostevedore/stevedore/internal/core/domain/credentials/credential.go:67.2,67.37 1 7
github.com/gostevedore/stevedore/internal/core/domain/credentials/credential.go:71.2,71.33 1 6
github.com/gostevedore/stevedore/internal/core/domain/credentials/credential.go:76.2,76.60 1 5
github.com/gostevedore/stevedore/internal/core/domain/credentials/credential.go:80.2,80.76 1 4
github.com/gostevedore/stevedore/internal/core/domain/credentials/credential.go:84.2,84.60 1 3
github.com/gostevedore/stevedore/internal/core/domain/credentials/credential.go:88.2,88.76 1 2
github.com/gostevedore/stevedore/internal/core/domain/credentials/credential.go:92.2,92.76 1 1
github.com/gostevedore/stevedore/internal/core/domain/credentials/credential.go:50.23,52.3 1 0
github.com/gostevedore/stevedore/internal/core/domain/credentials/credential.go:55.60,57.3 1 1
github.com/gostevedore/stevedore/internal/core/domain/credentials/credential.go:59.76,61.3 1 1
github.com/gostevedore/stevedore/internal/core/domain/credentials/credential.go:63.46,65.3 1 1
github.com/gostevedore/stevedore/internal/core/domain/credentials/credential.go:67.37,69.3 1 1
github.com/gostevedore/stevedore/internal/core/domain/credentials/credential.go:71.33,73.3 1 1
github.com/gostevedore/stevedore/internal/core/domain/credentials/credential.go:76.60,78.3 1 1
github.com/gostevedore/stevedore/internal/core/domain/credentials/credential.go:80.76,82.3 1 1
github.com/gostevedore/stevedore/internal/core/domain/credentials/credential.go:84.60,86.3 1 1
github.com/gostevedore/stevedore/internal/core/domain/credentials/credential.go:88.76,90.3 1 1
github.com/gostevedore/stevedore/internal/core/domain/image/buildDriverOptions.go:41.46,44.16 2 0
github.com/gostevedore/stevedore/internal/core/domain/image/buildDriverOptions.go:48.2,48.12 1 0
github.com/gostevedore/stevedore/internal/core/domain/image/buildDriverOptions.go:44.16,46.3 1 0
github.com/gostevedore/stevedore/internal/core/domain/image/image.go:65.106,72.21 3 5
github.com/gostevedore/stevedore/internal/core/domain/image/image.go:76.2,76.19 1 4
github.com/gostevedore/stevedore/internal/core/domain/image/image.go:80.2,80.30 1 4
github.com/gostevedore/stevedore/internal/core/domain/image/image.go:84.2,84.24 1 4
github.com/gostevedore/stevedore/internal/core/domain/image/image.go:93.2,94.16 2 3
github.com/gostevedore/stevedore/internal/core/domain/image/image.go:98.2,99.19 2 3
github.com/gostevedore/stevedore/internal/core/domain/image/image.go:72.21,74.3 1 1
github.com/gostevedore/stevedore/internal/core/domain/image/image.go:76.19,78.3 1 2
github.com/gostevedore/stevedore/internal/core/domain/image/image.go:80.30,82.3 1 2
github.com/gostevedore/stevedore/internal/core/domain/image/image.go:84.24,86.47 1 3
github.com/gostevedore/stevedore/internal/core/domain/image/image.go:90.3,90.60 1 2
github.com/gostevedore/stevedore/internal/core/domain/image/image.go:86.47,88.4 1 1
github.com/gostevedore/stevedore/internal/core/domain/image/image.go:94.16,96.3 1 0
github.com/gostevedore/stevedore/internal/core/domain/image/image.go:103.50,104.24 1 2
github.com/gostevedore/stevedore/internal/core/domain/image/image.go:104.24,106.3 1 2
github.com/gostevedore/stevedore/internal/core/domain/image/image.go:110.50,111.24 1 1
github.com/gostevedore/stevedore/internal/core/domain/image/image.go:111.24,113.3 1 1
github.com/gostevedore/stevedore/internal/core/domain/image/image.go:117.54,118.24 1 1
github.com/gostevedore/stevedore/internal/core/domain/image/image.go:118.24,120.3 1 1
github.com/gostevedore/stevedore/internal/core/domain/image/image.go:124.43,125.24 1 1
github.com/gostevedore/stevedore/internal/core/domain/image/image.go:125.24,127.3 1 1
github.com/gostevedore/stevedore/internal/core/domain/image/image.go:131.75,132.24 1 1
github.com/gostevedore/stevedore/internal/core/domain/image/image.go:132.24,134.3 1 1
github.com/gostevedore/stevedore/internal/core/domain/image/image.go:138.74,139.24 1 1
github.com/gostevedore/stevedore/internal/core/domain/image/image.go:139.24,141.3 1 1
github.com/gostevedore/stevedore/internal/core/domain/image/image.go:145.42,146.24 1 1
github.com/gostevedore/stevedore/internal/core/domain/image/image.go:146.24,148.3 1 1
github.com/gostevedore/stevedore/internal/core/domain/image/image.go:152.55,153.24 1 1
github.com/gostevedore/stevedore/internal/core/domain/image/image.go:153.24,155.3 1 1
github.com/gostevedore/stevedore/internal/core/domain/image/image.go:159.41,163.16 3 6
github.com/gostevedore/stevedore/internal/core/domain/image/image.go:167.2,174.63 6 6
github.com/gostevedore/stevedore/internal/core/domain/image/image.go:178.2,178.19 1 6
github.com/gostevedore/stevedore/internal/core/domain/image/image.go:163.16,165.3 1 0
github.com/gostevedore/stevedore/internal/core/domain/image/image.go:174.63,176.3 1 5
github.com/gostevedore/stevedore/internal/core/domain/image/image.go:182.42,183.24 1 4
github.com/gostevedore/stevedore/internal/core/domain/image/image.go:183.24,185.3 1 9
github.com/gostevedore/stevedore/internal/core/domain/image/image.go:189.40,194.2 3 1
github.com/gostevedore/stevedore/internal/core/domain/image/image.go:228.34,235.41 4 1
github.com/gostevedore/stevedore/internal/core/domain/image/image.go:239.2,240.16 2 1
github.com/gostevedore/stevedore/internal/core/domain/image/image.go:244.2,244.12 1 1
github.com/gostevedore/stevedore/internal/core/domain/image/image.go:235.41,237.3 1 1
github.com/gostevedore/stevedore/internal/core/domain/image/image.go:240.16,242.3 1 0
github.com/gostevedore/stevedore/internal/core/domain/image/image.go:247.41,255.22 6 4
github.com/gostevedore/stevedore/internal/core/domain/image/image.go:256.22,257.13 1 1
github.com/gostevedore/stevedore/internal/core/domain/image/image.go:259.19,261.17 2 1
github.com/gostevedore/stevedore/internal/core/domain/image/image.go:265.3,266.17 2 1
github.com/gostevedore/stevedore/internal/core/domain/image/image.go:270.3,270.64 1 1
github.com/gostevedore/stevedore/internal/core/domain/image/image.go:273.3,275.13 2 1
github.com/gostevedore/stevedore/internal/core/domain/image/image.go:277.42,278.62 1 1
github.com/gostevedore/stevedore/internal/core/domain/image/image.go:282.3,282.13 1 1
github.com/gostevedore/stevedore/internal/core/domain/image/image.go:283.10,284.13 1 1
github.com/gostevedore/stevedore/internal/core/domain/image/image.go:261.17,263.4 1 0
github.com/gostevedore/stevedore/internal/core/domain/image/image.go:266.17,268.4 1 0
github.com/gostevedore/stevedore/internal/core/domain/image/image.go:270.64,272.4 1 1
github.com/gostevedore/stevedore/internal/core/domain/image/image.go:278.62,280.4 1 0
github.com/gostevedore/stevedore/internal/core/domain/image/image.go:289.40,300.22 3 1
github.com/gostevedore/stevedore/internal/core/domain/image/image.go:304.2,304.21 1 1
github.com/gostevedore/stevedore/internal/core/domain/image/image.go:307.2,314.49 5 1
github.com/gostevedore/stevedore/internal/core/domain/image/image.go:317.2,318.39 2 1
github.com/gostevedore/stevedore/internal/core/domain/image/image.go:321.2,322.51 2 1
github.com/gostevedore/stevedore/internal/core/domain/image/image.go:325.2,326.41 2 1
github.com/gostevedore/stevedore/internal/core/domain/image/image.go:330.2,330.25 1 1
github.com/gostevedore/stevedore/internal/core/domain/image/image.go:300.22,302.3 1 1
github.com/gostevedore/stevedore/internal/core/domain/image/image.go:304.21,306.3 1 0
github.com/gostevedore/stevedore/internal/core/domain/image/image.go:314.49,316.3 1 1
github.com/gostevedore/stevedore/internal/core/domain/image/image.go:318.39,320.3 1 1
github.com/gostevedore/stevedore/internal/core/domain/image/image.go:322.51,324.3 1 1
github.com/gostevedore/stevedore/internal/core/domain/image/image.go:326.41,328.3 1 1
github.com/gostevedore/stevedore/internal/core/domain/image/image.go:334.40,336.2 1 2
github.com/gostevedore/stevedore/internal/core/domain/image/image.go:339.47,343.16 3 0
github.com/gostevedore/stevedore/internal/core/domain/image/image.go:347.2,347.23 1 0
github.com/gostevedore/stevedore/internal/core/domain/image/image.go:343.16,345.3 1 0
github.com/gostevedore/stevedore/internal/core/domain/image/image.go:351.48,355.16 3 0
github.com/gostevedore/stevedore/internal/core/domain/image/image.go:359.2,359.12 1 0
github.com/gostevedore/stevedore/internal/core/domain/image/image.go:355.16,357.3 1 0
github.com/gostevedore/stevedore/internal/core/domain/image/promoteOptions.go:30.42,32.16 2 0
github.com/gostevedore/stevedore/internal/core/domain/image/promoteOptions.go:36.2,36.12 1 0
github.com/gostevedore/stevedore/internal/core/domain/image/promoteOptions.go:32.16,34.3 1 0
github.com/gostevedore/stevedore/internal/core/domain/varsmap/varsmap.go:49.20,69.2 1 4
github.com/gostevedore/stevedore/internal/core/domain/varsmap/varsmap.go:72.55,74.2 1 3
github.com/gostevedore/stevedore/internal/core/domain/varsmap/varsmap.go:77.68,79.40 1 2
github.com/gostevedore/stevedore/internal/core/domain/varsmap/varsmap.go:79.40,81.3 1 34
github.com/gostevedore/stevedore/internal/core/domain/varsmap/varsmap.go:86.43,91.14 3 1
github.com/gostevedore/stevedore/internal/core/domain/varsmap/varsmap.go:95.2,99.14 4 1
github.com/gostevedore/stevedore/internal/core/domain/varsmap/varsmap.go:106.2,107.14 2 1
github.com/gostevedore/stevedore/internal/core/domain/varsmap/varsmap.go:114.2,115.14 2 1
github.com/gostevedore/stevedore/internal/core/domain/varsmap/varsmap.go:122.2,123.14 2 1
github.com/gostevedore/stevedore/internal/core/domain/varsmap/varsmap.go:130.2,131.14 2 1
github.com/gostevedore/stevedore/internal/core/domain/varsmap/varsmap.go:138.2,139.14 2 1
github.com/gostevedore/stevedore/internal/core/domain/varsmap/varsmap.go:146.2,147.14 2 1
github.com/gostevedore/stevedore/internal/core/domain/varsmap/varsmap.go:154.2,155.14 2 1
github.com/gostevedore/stevedore/internal/core/domain/varsmap/varsmap.go:162.2,163.14 2 1
github.com/gostevedore/stevedore/internal/core/domain/varsmap/varsmap.go:170.2,171.14 2 1
github.com/gostevedore/stevedore/internal/core/domain/varsmap/varsmap.go:178.2,179.14 2 1
github.com/gostevedore/stevedore/internal/core/domain/varsmap/varsmap.go:186.2,187.14 2 1
github.com/gostevedore/stevedore/internal/core/domain/varsmap/varsmap.go:194.2,195.14 2 1
github.com/gostevedore/stevedore/internal/core/domain/varsmap/varsmap.go:202.2,203.14 2 1
github.com/gostevedore/stevedore/internal/core/domain/varsmap/varsmap.go:210.2,211.14 2 1
github.com/gostevedore/stevedore/internal/core/domain/varsmap/varsmap.go:218.2,219.14 2 1
github.com/gostevedore/stevedore/internal/core/domain/varsmap/varsmap.go:226.2,227.14 2 1
github.com/gostevedore/stevedore/internal/core/domain/varsmap/varsmap.go:234.2,236.12 2 1
github.com/gostevedore/stevedore/internal/core/domain/varsmap/varsmap.go:91.14,93.3 1 0
github.com/gostevedore/stevedore/internal/core/domain/varsmap/varsmap.go:99.14,101.14 2 0
github.com/gostevedore/stevedore/internal/core/domain/varsmap/varsmap.go:101.14,103.4 1 0
github.com/gostevedore/stevedore/internal/core/domain/varsmap/varsmap.go:107.14,109.14 2 0
github.com/gostevedore/stevedore/internal/core/domain/varsmap/varsmap.go:109.14,111.4 1 0
github.com/gostevedore/stevedore/internal/core/domain/varsmap/varsmap.go:115.14,117.14 2 1
github.com/gostevedore/stevedore/internal/core/domain/varsmap/varsmap.go:117.14,119.4 1 1
github.com/gostevedore/stevedore/internal/core/domain/varsmap/varsmap.go:123.14,125.14 2 1
github.com/gostevedore/stevedore/internal/core/domain/varsmap/varsmap.go:125.14,127.4 1 1
github.com/gostevedore/stevedore/internal/core/domain/varsmap/varsmap.go:131.14,133.14 2 1
github.com/gostevedore/stevedore/internal/core/domain/varsmap/varsmap.go:133.14,135.4 1 1
github.com/gostevedore/stevedore/internal/core/domain/varsmap/varsmap.go:139.14,141.14 2 1
github.com/gostevedore/stevedore/internal/core/domain/varsmap/varsmap.go:141.14,143.4 1 1
github.com/gostevedore/stevedore/internal/core/domain/varsmap/varsmap.go:147.14,149.14 2 1
github.com/gostevedore/stevedore/internal/core/domain/varsmap/varsmap.go:149.14,151.4 1 1
github.com/gostevedore/stevedore/internal/core/domain/varsmap/varsmap.go:155.14,157.14 2 1
github.com/gostevedore/stevedore/internal/core/domain/varsmap/varsmap.go:157.14,159.4 1 1
github.com/gostevedore/stevedore/internal/core/domain/varsmap/varsmap.go:163.14,165.14 2 1
github.com/gostevedore/stevedore/internal/core/domain/varsmap/varsmap.go:165.14,167.4 1 1
github.com/gostevedore/stevedore/internal/core/domain/varsmap/varsmap.go:171.14,173.14 2 1
github.com/gostevedore/stevedore/internal/core/domain/varsmap/varsmap.go:173.14,175.4 1 1
github.com/gostevedore/stevedore/internal/core/domain/varsmap/varsmap.go:179.14,181.14 2 1
github.com/gostevedore/stevedore/internal/core/domain/varsmap/varsmap.go:181.14,183.4 1 1
github.com/gostevedore/stevedore/internal/core/domain/varsmap/varsmap.go:187.14,189.14 2 1
github.com/gostevedore/stevedore/internal/core/domain/varsmap/varsmap.go:189.14,191.4 1 1
github.com/gostevedore/stevedore/internal/core/domain/varsmap/varsmap.go:195.14,197.14 2 1
github.com/gostevedore/stevedore/internal/core/domain/varsmap/varsmap.go:197.14,199.4 1 1
github.com/gostevedore/stevedore/internal/core/domain/varsmap/varsmap.go:203.14,205.14 2 1
github.com/gostevedore/stevedore/internal/core/domain/varsmap/varsmap.go:205.14,207.4 1 1
github.com/gostevedore/stevedore/internal/core/domain/varsmap/varsmap.go:211.14,213.14 2 1
github.com/gostevedore/stevedore/internal/core/domain/varsmap/varsmap.go:213.14,215.4 1 1
github.com/gostevedore/stevedore/internal/core/domain/varsmap/varsmap.go:219.14,221.14 2 1
github.com/gostevedore/stevedore/internal/core/domain/varsmap/varsmap.go:221.14,223.4 1 1
github.com/gostevedore/stevedore/internal/core/domain/varsmap/varsmap.go:227.14,229.14 2 1
github.com/gostevedore/stevedore/internal/core/domain/varsmap/varsmap.go:229.14,231.4 1 1
github.com/gostevedore/stevedore/internal/application/get/images/filterOperation.go:21.56,24.2 2 2
github.com/gostevedore/stevedore/internal/application/get/images/filterOperation.go:26.43,28.2 1 4
github.com/gostevedore/stevedore/internal/application/get/images/filterOperation.go:30.66,37.16 5 5
github.com/gostevedore/stevedore/internal/application/get/images/filterOperation.go:40.2,40.25 1 4
github.com/gostevedore/stevedore/internal/application/get/images/filterOperation.go:44.2,44.31 1 1
github.com/gostevedore/stevedore/internal/application/get/images/filterOperation.go:37.16,39.3 1 1
github.com/gostevedore/stevedore/internal/application/get/images/filterOperation.go:40.25,42.3 1 3
github.com/gostevedore/stevedore/internal/application/get/images/filterOperation.go:47.71,52.21 3 5
github.com/gostevedore/stevedore/internal/application/get/images/filterOperation.go:56.2,56.21 1 4
github.com/gostevedore/stevedore/internal/application/get/images/filterOperation.go:60.2,64.8 1 3
github.com/gostevedore/stevedore/internal/application/get/images/filterOperation.go:52.21,54.3 1 1
github.com/gostevedore/stevedore/internal/application/get/images/filterOperation.go:56.21,58.3 1 1
github.com/gostevedore/stevedore/internal/application/get/images/getImages.go:22.76,28.2 3 4
github.com/gostevedore/stevedore/internal/application/get/images/getImages.go:31.65,32.39 1 4
github.com/gostevedore/stevedore/internal/application/get/images/getImages.go:32.39,34.3 1 4
github.com/gostevedore/stevedore/internal/application/get/images/getImages.go:38.79,39.39 1 3
github.com/gostevedore/stevedore/internal/application/get/images/getImages.go:39.39,41.3 1 3
github.com/gostevedore/stevedore/internal/application/get/images/getImages.go:45.64,46.39 1 3
github.com/gostevedore/stevedore/internal/application/get/images/getImages.go:46.39,48.3 1 3
github.com/gostevedore/stevedore/internal/application/get/images/getImages.go:52.61,53.27 1 4
github.com/gostevedore/stevedore/internal/application/get/images/getImages.go:53.27,55.3 1 10
github.com/gostevedore/stevedore/internal/application/get/images/getImages.go:59.109,65.20 4 5
github.com/gostevedore/stevedore/internal/application/get/images/getImages.go:69.2,69.21 1 4
github.com/gostevedore/stevedore/internal/application/get/images/getImages.go:73.2,74.16 2 3
github.com/gostevedore/stevedore/internal/application/get/images/getImages.go:78.2,78.40 1 3
github.com/gostevedore/stevedore/internal/application/get/images/getImages.go:93.2,94.16 2 3
github.com/gostevedore/stevedore/internal/application/get/images/getImages.go:98.2,98.12 1 3
github.com/gostevedore/stevedore/internal/application/get/images/getImages.go:65.20,67.3 1 1
github.com/gostevedore/stevedore/internal/application/get/images/getImages.go:69.21,71.3 1 1
github.com/gostevedore/stevedore/internal/application/get/images/getImages.go:74.16,76.3 1 0
github.com/gostevedore/stevedore/internal/application/get/images/getImages.go:78.40,80.34 2 2
github.com/gostevedore/stevedore/internal/application/get/images/getImages.go:80.34,82.14 2 2
github.com/gostevedore/stevedore/internal/application/get/images/getImages.go:86.4,87.18 2 1
github.com/gostevedore/stevedore/internal/application/get/images/getImages.go:82.14,83.13 1 1
github.com/gostevedore/stevedore/internal/application/get/images/getImages.go:87.18,89.5 1 0
github.com/gostevedore/stevedore/internal/application/get/images/getImages.go:94.16,96.3 1 0
github.com/gostevedore/stevedore/internal/application/get/images/mockApplicatioin.go:15.62,17.2 1 0
github.com/gostevedore/stevedore/internal/application/get/images/mockApplicatioin.go:20.113,23.2 2 0
github.com/gostevedore/stevedore/internal/application/promote/mockApplication.go:13.44,15.2 1 0
github.com/gostevedore/stevedore/internal/application/promote/mockApplication.go:17.80,20.2 2 0
github.com/gostevedore/stevedore/internal/application/promote/promote.go:25.58,30.2 3 7
github.com/gostevedore/stevedore/internal/application/promote/promote.go:33.62,34.30 1 7
github.com/gostevedore/stevedore/internal/application/promote/promote.go:34.30,36.3 1 7
github.com/gostevedore/stevedore/internal/application/promote/promote.go:40.57,41.30 1 7
github.com/gostevedore/stevedore/internal/application/promote/promote.go:41.30,43.3 1 7
github.com/gostevedore/stevedore/internal/application/promote/promote.go:47.43,48.30 1 7
github.com/gostevedore/stevedore/internal/application/promote/promote.go:48.30,50.3 1 7
github.com/gostevedore/stevedore/internal/application/promote/promote.go:54.73,55.30 1 7
github.com/gostevedore/stevedore/internal/application/promote/promote.go:55.30,57.3 1 7
github.com/gostevedore/stevedore/internal/application/promote/promote.go:61.52,62.27 1 7
github.com/gostevedore/stevedore/internal/application/promote/promote.go:62.27,64.3 1 28
github.com/gostevedore/stevedore/internal/application/promote/promote.go:68.76,77.22 6 10
github.com/gostevedore/stevedore/internal/application/promote/promote.go:81.2,81.21 1 10
github.com/gostevedore/stevedore/internal/application/promote/promote.go:85.2,85.29 1 10
github.com/gostevedore/stevedore/internal/application/promote/promote.go:89.2,89.26 1 10
github.com/gostevedore/stevedore/internal/application/promote/promote.go:93.2,93.20 1 10
github.com/gostevedore/stevedore/internal/application/promote/promote.go:97.2,97.35 1 10
github.com/gostevedore/stevedore/internal/application/promote/promote.go:101.2,103.16 3 10
github.com/gostevedore/stevedore/internal/application/promote/promote.go:106.2,107.16 2 10
github.com/gostevedore/stevedore/internal/application/promote/promote.go:111.2,112.16 2 10
github.com/gostevedore/stevedore/internal/application/promote/promote.go:116.2,116.17 1 10
github.com/gostevedore/stevedore/internal/application/promote/promote.go:126.2,126.67 1 9
github.com/gostevedore/stevedore/internal/application/promote/promote.go:130.2,130.72 1 9
github.com/gostevedore/stevedore/internal/application/promote/promote.go:134.2,134.59 1 9
github.com/gostevedore/stevedore/internal/application/promote/promote.go:138.2,138.35 1 9
github.com/gostevedore/stevedore/internal/application/promote/promote.go:147.2,147.38 1 9
github.com/gostevedore/stevedore/internal/application/promote/promote.go:157.2,157.39 1 9
github.com/gostevedore/stevedore/internal/application/promote/promote.go:169.2,170.16 2 9
github.com/gostevedore/stevedore/internal/application/promote/promote.go:173.2,176.36 2 8
github.com/gostevedore/stevedore/internal/application/promote/promote.go:193.2,197.16 4 7
github.com/gostevedore/stevedore/internal/application/promote/promote.go:201.2,202.16 2 7
github.com/gostevedore/stevedore/internal/application/promote/promote.go:206.2,206.12 1 7
github.com/gostevedore/stevedore/internal/application/promote/promote.go:77.22,79.3 1 0
github.com/gostevedore/stevedore/internal/application/promote/promote.go:81.21,83.3 1 0
github.com/gostevedore/stevedore/internal/application/promote/promote.go:85.29,87.3 1 0
github.com/gostevedore/stevedore/internal/application/promote/promote.go:89.26,91.3 1 0
github.com/gostevedore/stevedore/internal/application/promote/promote.go:93.20,95.3 1 0
github.com/gostevedore/stevedore/internal/application/promote/promote.go:97.35,99.3 1 0
github.com/gostevedore/stevedore/internal/application/promote/promote.go:103.16,105.3 1 0
github.com/gostevedore/stevedore/internal/application/promote/promote.go:107.16,109.3 1 0
github.com/gostevedore/stevedore/internal/application/promote/promote.go:112.16,114.3 1 0
github.com/gostevedore/stevedore/internal/application/promote/promote.go:116.17,118.19 2 10
github.com/gostevedore/stevedore/internal/application/promote/promote.go:122.3,123.54 2 9
github.com/gostevedore/stevedore/internal/application/promote/promote.go:118.19,120.4 1 1
github.com/gostevedore/stevedore/internal/application/promote/promote.go:126.67,128.3 1 7
github.com/gostevedore/stevedore/internal/application/promote/promote.go:130.72,132.3 1 7
github.com/gostevedore/stevedore/internal/application/promote/promote.go:134.59,136.3 1 6
github.com/gostevedore/stevedore/internal/application/promote/promote.go:138.35,140.17 2 5
github.com/gostevedore/stevedore/internal/application/promote/promote.go:144.3,144.83 1 5
github.com/gostevedore/stevedore/internal/application/promote/promote.go:140.17,142.4 1 0
github.com/gostevedore/stevedore/internal/application/promote/promote.go:147.38,151.17 3 5
github.com/gostevedore/stevedore/internal/application/promote/promote.go:154.3,154.83 1 5
github.com/gostevedore/stevedore/internal/application/promote/promote.go:151.17,153.4 1 0
github.com/gostevedore/stevedore/internal/application/promote/promote.go:157.39,159.26 2 5
github.com/gostevedore/stevedore/internal/application/promote/promote.go:159.26,162.18 2 5
github.com/gostevedore/stevedore/internal/application/promote/promote.go:165.4,165.84 1 5
github.com/gostevedore/stevedore/internal/application/promote/promote.go:162.18,164.5 1 0
github.com/gostevedore/stevedore/internal/application/promote/promote.go:170.16,172.3 1 1
github.com/gostevedore/stevedore/internal/application/promote/promote.go:176.36,178.17 2 7
github.com/gostevedore/stevedore/internal/application/promote/promote.go:182.3,182.18 1 7
github.com/gostevedore/stevedore/internal/application/promote/promote.go:178.17,180.4 1 0
github.com/gostevedore/stevedore/internal/application/promote/promote.go:182.18,184.20 2 7
github.com/gostevedore/stevedore/internal/application/promote/promote.go:188.4,189.55 2 6
github.com/gostevedore/stevedore/internal/application/promote/promote.go:184.20,186.5 1 1
github.com/gostevedore/stevedore/internal/application/promote/promote.go:197.16,199.3 1 0
github.com/gostevedore/stevedore/internal/application/promote/promote.go:202.16,204.3 1 0
github.com/gostevedore/stevedore/internal/application/promote/promote.go:209.98,214.27 3 15
github.com/gostevedore/stevedore/internal/application/promote/promote.go:228.2,228.18 1 15
github.com/gostevedore/stevedore/internal/application/promote/promote.go:214.27,220.17 5 20
github.com/gostevedore/stevedore/internal/application/promote/promote.go:223.3,225.40 3 20
github.com/gostevedore/stevedore/internal/application/promote/promote.go:220.17,222.4 1 0
github.com/gostevedore/stevedore/internal/application/promote/promote.go:231.92,234.26 2 19
github.com/gostevedore/stevedore/internal/application/promote/promote.go:238.2,240.18 2 18
github.com/gostevedore/stevedore/internal/application/promote/promote.go:234.26,236.3 1 1
github.com/gostevedore/stevedore/internal/application/promote/promote.go:243.82,247.22 2 10
github.com/gostevedore/stevedore/internal/application/promote/promote.go:251.2,252.20 2 9
github.com/gostevedore/stevedore/internal/application/promote/promote.go:255.2,256.16 2 9
github.com/gostevedore/stevedore/internal/application/promote/promote.go:260.2,260.22 1 9
github.com/gostevedore/stevedore/internal/application/promote/promote.go:247.22,249.3 1 1
github.com/gostevedore/stevedore/internal/application/promote/promote.go:252.20,254.3 1 1
github.com/gostevedore/stevedore/internal/application/promote/promote.go:256.16,258.3 1 0
github.com/gostevedore/stevedore/internal/application/build/build.go:36.58,42.2 3 10
github.com/gostevedore/stevedore/internal/application/build/build.go:45.67,46.30 1 4
github.com/gostevedore/stevedore/internal/application/build/build.go:46.30,48.3 1 4
github.com/gostevedore/stevedore/internal/application/build/build.go:52.75,53.30 1 5
github.com/gostevedore/stevedore/internal/application/build/build.go:53.30,55.3 1 5
github.com/gostevedore/stevedore/internal/application/build/build.go:59.67,60.30 1 5
github.com/gostevedore/stevedore/internal/application/build/build.go:60.30,62.3 1 5
github.com/gostevedore/stevedore/internal/application/build/build.go:66.58,67.30 1 4
github.com/gostevedore/stevedore/internal/application/build/build.go:67.30,69.3 1 4
github.com/gostevedore/stevedore/internal/application/build/build.go:73.52,74.30 1 4
github.com/gostevedore/stevedore/internal/application/build/build.go:74.30,76.3 1 4
github.com/gostevedore/stevedore/internal/application/build/build.go:80.47,81.30 1 4
github.com/gostevedore/stevedore/internal/application/build/build.go:81.30,83.3 1 4
github.com/gostevedore/stevedore/internal/application/build/build.go:86.72,87.30 1 6
github.com/gostevedore/stevedore/internal/application/build/build.go:87.30,89.3 1 6
github.com/gostevedore/stevedore/internal/application/build/build.go:93.52,94.27 1 11
github.com/gostevedore/stevedore/internal/application/build/build.go:94.27,96.3 1 32
github.com/gostevedore/stevedore/internal/application/build/build.go:100.152,109.20 6 3
github.com/gostevedore/stevedore/internal/application/build/build.go:113.2,113.22 1 2
github.com/gostevedore/stevedore/internal/application/build/build.go:117.2,118.16 2 1
github.com/gostevedore/stevedore/internal/application/build/build.go:123.2,126.95 2 1
github.com/gostevedore/stevedore/internal/application/build/build.go:150.2,150.29 1 1
github.com/gostevedore/stevedore/internal/application/build/build.go:155.2,159.49 3 1
github.com/gostevedore/stevedore/internal/application/build/build.go:166.2,166.18 1 1
github.com/gostevedore/stevedore/internal/application/build/build.go:170.2,170.12 1 1
github.com/gostevedore/stevedore/internal/application/build/build.go:109.20,111.3 1 1
github.com/gostevedore/stevedore/internal/application/build/build.go:113.22,115.3 1 1
github.com/gostevedore/stevedore/internal/application/build/build.go:118.16,120.3 1 0
github.com/gostevedore/stevedore/internal/application/build/build.go:126.95,130.13 3 2
github.com/gostevedore/stevedore/internal/application/build/build.go:143.3,143.23 1 2
github.com/gostevedore/stevedore/internal/application/build/build.go:130.13,141.4 6 2
github.com/gostevedore/stevedore/internal/application/build/build.go:143.23,146.4 2 2
github.com/gostevedore/stevedore/internal/application/build/build.go:150.29,153.3 2 2
github.com/gostevedore/stevedore/internal/application/build/build.go:159.49,162.17 2 2
github.com/gostevedore/stevedore/internal/application/build/build.go:162.17,164.4 1 0
github.com/gostevedore/stevedore/internal/application/build/build.go:166.18,168.3 1 0
github.com/gostevedore/stevedore/internal/application/build/build.go:173.90,177.20 3 11
github.com/gostevedore/stevedore/internal/application/build/build.go:181.2,181.14 1 10
github.com/gostevedore/stevedore/internal/application/build/build.go:185.2,185.23 1 9
github.com/gostevedore/stevedore/internal/application/build/build.go:189.2,189.28 1 8
github.com/gostevedore/stevedore/internal/application/build/build.go:193.2,193.21 1 7
github.com/gostevedore/stevedore/internal/application/build/build.go:197.2,197.26 1 6
github.com/gostevedore/stevedore/internal/application/build/build.go:204.2,207.53 2 5
github.com/gostevedore/stevedore/internal/application/build/build.go:211.2,211.61 1 5
github.com/gostevedore/stevedore/internal/application/build/build.go:215.2,215.66 1 5
github.com/gostevedore/stevedore/internal/application/build/build.go:219.2,219.39 1 5
github.com/gostevedore/stevedore/internal/application/build/build.go:227.2,229.29 2 5
github.com/gostevedore/stevedore/internal/application/build/build.go:233.2,233.43 1 5
github.com/gostevedore/stevedore/internal/application/build/build.go:237.2,237.19 1 5
github.com/gostevedore/stevedore/internal/application/build/build.go:241.2,241.33 1 5
github.com/gostevedore/stevedore/internal/application/build/build.go:245.2,245.21 1 5
github.com/gostevedore/stevedore/internal/application/build/build.go:249.2,249.35 1 5
github.com/gostevedore/stevedore/internal/application/build/build.go:253.2,253.31 1 5
github.com/gostevedore/stevedore/internal/application/build/build.go:257.2,257.45 1 5
github.com/gostevedore/stevedore/internal/application/build/build.go:261.2,261.57 1 5
github.com/gostevedore/stevedore/internal/application/build/build.go:272.2,272.60 1 5
github.com/gostevedore/stevedore/internal/application/build/build.go:283.2,283.65 1 5
github.com/gostevedore/stevedore/internal/application/build/build.go:294.2,294.70 1 5
github.com/gostevedore/stevedore/internal/application/build/build.go:305.2,305.38 1 5
github.com/gostevedore/stevedore/internal/application/build/build.go:309.2,309.107 1 5
github.com/gostevedore/stevedore/internal/application/build/build.go:326.2,326.50 1 4
github.com/gostevedore/stevedore/internal/application/build/build.go:343.2,344.16 2 3
github.com/gostevedore/stevedore/internal/application/build/build.go:348.2,352.16 4 3
github.com/gostevedore/stevedore/internal/application/build/build.go:357.2,358.52 2 3
github.com/gostevedore/stevedore/internal/application/build/build.go:363.2,373.16 7 3
github.com/gostevedore/stevedore/internal/application/build/build.go:377.2,378.16 2 3
github.com/gostevedore/stevedore/internal/application/build/build.go:383.2,384.16 2 3
github.com/gostevedore/stevedore/internal/application/build/build.go:388.2,391.16 3 3
github.com/gostevedore/stevedore/internal/application/build/build.go:395.2,395.12 1 3
github.com/gostevedore/stevedore/internal/application/build/build.go:177.20,179.3 1 1
github.com/gostevedore/stevedore/internal/application/build/build.go:181.14,183.3 1 1
github.com/gostevedore/stevedore/internal/application/build/build.go:185.23,187.3 1 1
github.com/gostevedore/stevedore/internal/application/build/build.go:189.28,191.3 1 1
github.com/gostevedore/stevedore/internal/application/build/build.go:193.21,195.3 1 1
github.com/gostevedore/stevedore/internal/application/build/build.go:197.26,199.3 1 1
github.com/gostevedore/stevedore/internal/application/build/build.go:207.53,209.3 1 0
github.com/gostevedore/stevedore/internal/application/build/build.go:211.61,213.3 1 0
github.com/gostevedore/stevedore/internal/application/build/build.go:215.66,217.3 1 0
github.com/gostevedore/stevedore/internal/application/build/build.go:219.39,222.26 2 5
github.com/gostevedore/stevedore/internal/application/build/build.go:222.26,224.4 1 5
github.com/gostevedore/stevedore/internal/application/build/build.go:229.29,231.3 1 2
github.com/gostevedore/stevedore/internal/application/build/build.go:233.43,235.3 1 4
github.com/gostevedore/stevedore/internal/application/build/build.go:237.19,239.3 1 2
github.com/gostevedore/stevedore/internal/application/build/build.go:241.33,243.3 1 4
github.com/gostevedore/stevedore/internal/application/build/build.go:245.21,247.3 1 2
github.com/gostevedore/stevedore/internal/application/build/build.go:249.35,251.3 1 4
github.com/gostevedore/stevedore/internal/application/build/build.go:253.31,255.3 1 5
github.com/gostevedore/stevedore/internal/application/build/build.go:257.45,259.3 1 1
github.com/gostevedore/stevedore/internal/application/build/build.go:261.57,262.22 1 0
github.com/gostevedore/stevedore/internal/application/build/build.go:262.22,263.21 1 0
github.com/gostevedore/stevedore/internal/application/build/build.go:266.4,266.39 1 0
github.com/gostevedore/stevedore/internal/application/build/build.go:263.21,265.5 1 0
github.com/gostevedore/stevedore/internal/application/build/build.go:267.9,269.4 1 0
github.com/gostevedore/stevedore/internal/application/build/build.go:272.60,273.22 1 0
github.com/gostevedore/stevedore/internal/application/build/build.go:273.22,274.21 1 0
github.com/gostevedore/stevedore/internal/application/build/build.go:277.4,277.45 1 0
github.com/gostevedore/stevedore/internal/application/build/build.go:274.21,276.5 1 0
github.com/gostevedore/stevedore/internal/application/build/build.go:278.9,280.4 1 0
github.com/gostevedore/stevedore/internal/application/build/build.go:283.65,284.22 1 0
github.com/gostevedore/stevedore/internal/application/build/build.go:284.22,285.21 1 0
github.com/gostevedore/stevedore/internal/application/build/build.go:288.4,288.55 1 0
github.com/gostevedore/stevedore/internal/application/build/build.go:285.21,287.5 1 0
github.com/gostevedore/stevedore/internal/application/build/build.go:289.9,291.4 1 0
github.com/gostevedore/stevedore/internal/application/build/build.go:294.70,295.22 1 0
github.com/gostevedore/stevedore/internal/application/build/build.go:295.22,296.21 1 0
github.com/gostevedore/stevedore/internal/application/build/build.go:299.4,299.65 1 0
github.com/gostevedore/stevedore/internal/application/build/build.go:296.21,298.5 1 0
github.com/gostevedore/stevedore/internal/application/build/build.go:300.9,302.4 1 0
github.com/gostevedore/stevedore/internal/application/build/build.go:305.38,307.3 1 0
github.com/gostevedore/stevedore/internal/application/build/build.go:309.107,311.17 2 3
github.com/gostevedore/stevedore/internal/application/build/build.go:315.3,315.18 1 3
github.com/gostevedore/stevedore/internal/application/build/build.go:311.17,313.4 1 0
github.com/gostevedore/stevedore/internal/application/build/build.go:315.18,317.20 2 3
github.com/gostevedore/stevedore/internal/application/build/build.go:321.4,322.53 2 2
github.com/gostevedore/stevedore/internal/application/build/build.go:317.20,319.5 1 1
github.com/gostevedore/stevedore/internal/application/build/build.go:326.50,328.17 2 4
github.com/gostevedore/stevedore/internal/application/build/build.go:332.3,332.18 1 4
github.com/gostevedore/stevedore/internal/application/build/build.go:328.17,330.4 1 0
github.com/gostevedore/stevedore/internal/application/build/build.go:332.18,334.20 2 4
github.com/gostevedore/stevedore/internal/application/build/build.go:338.4,339.53 2 3
github.com/gostevedore/stevedore/internal/application/build/build.go:334.20,336.5 1 1
github.com/gostevedore/stevedore/internal/application/build/build.go:344.16,346.3 1 0
github.com/gostevedore/stevedore/internal/application/build/build.go:352.16,354.3 1 0
github.com/gostevedore/stevedore/internal/application/build/build.go:358.52,360.3 1 2
github.com/gostevedore/stevedore/internal/application/build/build.go:360.8,362.3 1 1
github.com/gostevedore/stevedore/internal/application/build/build.go:373.16,375.3 1 0
github.com/gostevedore/stevedore/internal/application/build/build.go:378.16,380.3 1 0
github.com/gostevedore/stevedore/internal/application/build/build.go:384.16,386.3 1 0
github.com/gostevedore/stevedore/internal/application/build/build.go:391.16,393.3 1 0
github.com/gostevedore/stevedore/internal/application/build/build.go:398.93,401.25 2 5
github.com/gostevedore/stevedore/internal/application/build/build.go:405.2,405.35 1 4
github.com/gostevedore/stevedore/internal/application/build/build.go:401.25,403.3 1 1
github.com/gostevedore/stevedore/internal/application/build/build.go:408.138,411.29 2 8
github.com/gostevedore/stevedore/internal/application/build/build.go:415.2,415.19 1 7
github.com/gostevedore/stevedore/internal/application/build/build.go:419.2,419.14 1 6
github.com/gostevedore/stevedore/internal/application/build/build.go:423.2,423.20 1 5
github.com/gostevedore/stevedore/internal/application/build/build.go:427.2,427.54 1 4
github.com/gostevedore/stevedore/internal/application/build/build.go:411.29,413.3 1 1
github.com/gostevedore/stevedore/internal/application/build/build.go:415.19,417.3 1 1
github.com/gostevedore/stevedore/internal/application/build/build.go:419.14,421.3 1 1
github.com/gostevedore/stevedore/internal/application/build/build.go:423.20,425.3 1 1
github.com/gostevedore/stevedore/internal/application/build/build.go:430.92,434.26 2 10
github.com/gostevedore/stevedore/internal/application/build/build.go:438.2,440.18 2 9
github.com/gostevedore/stevedore/internal/application/build/build.go:434.26,436.3 1 1
github.com/gostevedore/stevedore/internal/application/build/build.go:443.111,450.28 5 5
github.com/gostevedore/stevedore/internal/application/build/build.go:454.2,457.16 3 4
github.com/gostevedore/stevedore/internal/application/build/build.go:464.2,465.16 2 4
github.com/gostevedore/stevedore/internal/application/build/build.go:469.2,469.20 1 4
github.com/gostevedore/stevedore/internal/application/build/build.go:450.28,452.3 1 1
github.com/gostevedore/stevedore/internal/application/build/build.go:457.16,459.17 2 0
github.com/gostevedore/stevedore/internal/application/build/build.go:459.17,461.4 1 0
github.com/gostevedore/stevedore/internal/application/build/build.go:465.16,467.3 1 0
github.com/gostevedore/stevedore/internal/application/build/build.go:472.76,476.14 2 8
github.com/gostevedore/stevedore/internal/application/build/build.go:480.2,480.23 1 7
github.com/gostevedore/stevedore/internal/application/build/build.go:484.2,484.22 1 6
github.com/gostevedore/stevedore/internal/application/build/build.go:488.2,488.26 1 5
github.com/gostevedore/stevedore/internal/application/build/build.go:476.14,478.3 1 1
github.com/gostevedore/stevedore/internal/application/build/build.go:480.23,482.3 1 1
github.com/gostevedore/stevedore/internal/application/build/build.go:484.22,486.3 1 1
github.com/gostevedore/stevedore/internal/application/build/build.go:489.14,490.45 1 1
github.com/gostevedore/stevedore/internal/application/build/build.go:491.24,493.112 2 3
github.com/gostevedore/stevedore/internal/application/build/build.go:494.10,496.17 2 1
github.com/gostevedore/stevedore/internal/application/build/build.go:500.3,501.17 2 1
github.com/gostevedore/stevedore/internal/application/build/build.go:505.3,505.16 1 1
github.com/gostevedore/stevedore/internal/application/build/build.go:496.17,498.4 1 0
github.com/gostevedore/stevedore/internal/application/build/build.go:501.17,503.4 1 0
github.com/gostevedore/stevedore/internal/application/build/mockApplicatioin.go:15.44,17.2 1 0
github.com/gostevedore/stevedore/internal/application/build/mockApplicatioin.go:20.156,23.2 2 0
github.com/gostevedore/stevedore/internal/application/build/options.go:52.35,58.42 4 0
github.com/gostevedore/stevedore/internal/application/build/options.go:61.2,74.44 12 0
github.com/gostevedore/stevedore/internal/application/build/options.go:78.2,79.76 2 0
github.com/gostevedore/stevedore/internal/application/build/options.go:83.2,84.29 2 0
github.com/gostevedore/stevedore/internal/application/build/options.go:88.2,89.34 2 0
github.com/gostevedore/stevedore/internal/application/build/options.go:93.2,94.36 2 0
github.com/gostevedore/stevedore/internal/application/build/options.go:98.2,98.13 1 0
github.com/gostevedore/stevedore/internal/application/build/options.go:58.42,60.3 1 0
github.com/gostevedore/stevedore/internal/application/build/options.go:74.44,76.3 1 0
github.com/gostevedore/stevedore/internal/application/build/options.go:79.76,81.3 1 0
github.com/gostevedore/stevedore/internal/application/build/options.go:84.29,86.3 1 0
github.com/gostevedore/stevedore/internal/application/build/options.go:89.34,91.3 1 0
github.com/gostevedore/stevedore/internal/application/build/options.go:94.36,96.3 1 0
github.com/gostevedore/stevedore/internal/entrypoint/create/configuration/createConfiguration.go:27.91,32.2 3 13
github.com/gostevedore/stevedore/internal/entrypoint/create/configuration/createConfiguration.go:35.70,36.27 1 13
github.com/gostevedore/stevedore/internal/entrypoint/create/configuration/createConfiguration.go:36.27,38.3 1 5
github.com/gostevedore/stevedore/internal/entrypoint/create/configuration/createConfiguration.go:42.46,43.48 1 5
github.com/gostevedore/stevedore/internal/entrypoint/create/configuration/createConfiguration.go:43.48,45.3 1 5
github.com/gostevedore/stevedore/internal/entrypoint/create/configuration/createConfiguration.go:49.68,50.48 1 0
github.com/gostevedore/stevedore/internal/entrypoint/create/configuration/createConfiguration.go:50.48,52.3 1 0
github.com/gostevedore/stevedore/internal/entrypoint/create/configuration/createConfiguration.go:56.94,66.16 8 0
github.com/gostevedore/stevedore/internal/entrypoint/create/configuration/createConfiguration.go:70.2,71.16 2 0
github.com/gostevedore/stevedore/internal/entrypoint/create/configuration/createConfiguration.go:75.2,83.16 4 0
github.com/gostevedore/stevedore/internal/entrypoint/create/configuration/createConfiguration.go:87.2,87.12 1 0
github.com/gostevedore/stevedore/internal/entrypoint/create/configuration/createConfiguration.go:66.16,68.3 1 0
github.com/gostevedore/stevedore/internal/entrypoint/create/configuration/createConfiguration.go:71.16,73.3 1 0
github.com/gostevedore/stevedore/internal/entrypoint/create/configuration/createConfiguration.go:83.16,85.3 1 0
github.com/gostevedore/stevedore/internal/entrypoint/create/configuration/createConfiguration.go:90.107,94.20 2 3
github.com/gostevedore/stevedore/internal/entrypoint/create/configuration/createConfiguration.go:98.2,99.16 2 2
github.com/gostevedore/stevedore/internal/entrypoint/create/configuration/createConfiguration.go:103.2,117.28 13 2
github.com/gostevedore/stevedore/internal/entrypoint/create/configuration/createConfiguration.go:94.20,96.3 1 1
github.com/gostevedore/stevedore/internal/entrypoint/create/configuration/createConfiguration.go:99.16,101.3 1 0
github.com/gostevedore/stevedore/internal/entrypoint/create/configuration/createConfiguration.go:120.100,124.20 2 5
github.com/gostevedore/stevedore/internal/entrypoint/create/configuration/createConfiguration.go:128.2,135.44 2 4
github.com/gostevedore/stevedore/internal/entrypoint/create/configuration/createConfiguration.go:139.2,139.22 1 4
github.com/gostevedore/stevedore/internal/entrypoint/create/configuration/createConfiguration.go:124.20,126.3 1 1
github.com/gostevedore/stevedore/internal/entrypoint/create/configuration/createConfiguration.go:135.44,137.3 1 1
github.com/gostevedore/stevedore/internal/entrypoint/create/configuration/createConfiguration.go:142.121,149.17 5 4
github.com/gostevedore/stevedore/internal/entrypoint/create/configuration/createConfiguration.go:153.2,153.20 1 3
github.com/gostevedore/stevedore/internal/entrypoint/create/configuration/createConfiguration.go:157.2,158.16 2 2
github.com/gostevedore/stevedore/internal/entrypoint/create/configuration/createConfiguration.go:162.2,162.19 1 2
github.com/gostevedore/stevedore/internal/entrypoint/create/configuration/createConfiguration.go:174.2,174.20 1 2
github.com/gostevedore/stevedore/internal/entrypoint/create/configuration/createConfiguration.go:149.17,151.3 1 1
github.com/gostevedore/stevedore/internal/entrypoint/create/configuration/createConfiguration.go:153.20,155.3 1 1
github.com/gostevedore/stevedore/internal/entrypoint/create/configuration/createConfiguration.go:158.16,160.3 1 0
github.com/gostevedore/stevedore/internal/entrypoint/create/configuration/createConfiguration.go:162.19,167.3 1 1
github.com/gostevedore/stevedore/internal/entrypoint/create/configuration/createConfiguration.go:167.8,172.3 1 1
github.com/gostevedore/stevedore/internal/entrypoint/create/configuration/createConfiguration.go:177.92,181.88 2 5
github.com/gostevedore/stevedore/internal/entrypoint/create/configuration/createConfiguration.go:185.2,185.46 1 4
github.com/gostevedore/stevedore/internal/entrypoint/create/configuration/createConfiguration.go:197.2,197.46 1 3
github.com/gostevedore/stevedore/internal/entrypoint/create/configuration/createConfiguration.go:181.88,183.3 1 1
github.com/gostevedore/stevedore/internal/entrypoint/create/configuration/createConfiguration.go:185.46,190.17 3 1
github.com/gostevedore/stevedore/internal/entrypoint/create/configuration/createConfiguration.go:194.3,194.18 1 1
github.com/gostevedore/stevedore/internal/entrypoint/create/configuration/createConfiguration.go:190.17,192.4 1 0
github.com/gostevedore/stevedore/internal/entrypoint/create/configuration/mockEntrypoint.go:15.80,17.2 1 0
github.com/gostevedore/stevedore/internal/entrypoint/create/configuration/mockEntrypoint.go:20.98,23.2 2 0
github.com/gostevedore/stevedore/internal/entrypoint/create/credentials/mockEntrypoint.go:17.76,19.2 1 0
github.com/gostevedore/stevedore/internal/entrypoint/create/credentials/mockEntrypoint.go:26.46,29.2 2 0
github.com/gostevedore/stevedore/internal/entrypoint/create/credentials/createCredentials.go:40.87,45.2 3 31
github.com/gostevedore/stevedore/internal/entrypoint/create/credentials/createCredentials.go:48.68,49.27 1 31
github.com/gostevedore/stevedore/internal/entrypoint/create/credentials/createCredentials.go:49.27,51.3 1 15
github.com/gostevedore/stevedore/internal/entrypoint/create/credentials/createCredentials.go:54.48,55.46 1 7
github.com/gostevedore/stevedore/internal/entrypoint/create/credentials/createCredentials.go:55.46,57.3 1 7
github.com/gostevedore/stevedore/internal/entrypoint/create/credentials/createCredentials.go:61.46,62.46 1 3
github.com/gostevedore/stevedore/internal/entrypoint/create/credentials/createCredentials.go:62.46,64.3 1 3
github.com/gostevedore/stevedore/internal/entrypoint/create/credentials/createCredentials.go:68.55,69.46 1 5
github.com/gostevedore/stevedore/internal/entrypoint/create/credentials/createCredentials.go:69.46,71.3 1 5
github.com/gostevedore/stevedore/internal/entrypoint/create/credentials/createCredentials.go:81.9,90.16 7 0
github.com/gostevedore/stevedore/internal/entrypoint/create/credentials/createCredentials.go:94.2,95.16 2 0
github.com/gostevedore/stevedore/internal/entrypoint/create/credentials/createCredentials.go:99.2,100.16 2 0
github.com/gostevedore/stevedore/internal/entrypoint/create/credentials/createCredentials.go:104.2,105.16 2 0
github.com/gostevedore/stevedore/internal/entrypoint/create/credentials/createCredentials.go:109.2,117.16 4 0
github.com/gostevedore/stevedore/internal/entrypoint/create/credentials/createCredentials.go:121.2,121.12 1 0
github.com/gostevedore/stevedore/internal/entrypoint/create/credentials/createCredentials.go:90.16,92.3 1 0
github.com/gostevedore/stevedore/internal/entrypoint/create/credentials/createCredentials.go:95.16,97.3 1 0
github.com/gostevedore/stevedore/internal/entrypoint/create/credentials/createCredentials.go:100.16,102.3 1 0
github.com/gostevedore/stevedore/internal/entrypoint/create/credentials/createCredentials.go:105.16,107.3 1 0
github.com/gostevedore/stevedore/internal/entrypoint/create/credentials/createCredentials.go:117.16,119.3 1 0
github.com/gostevedore/stevedore/internal/entrypoint/create/credentials/createCredentials.go:124.109,128.60 2 4
github.com/gostevedore/stevedore/internal/entrypoint/create/credentials/createCredentials.go:132.2,132.34 1 3
github.com/gostevedore/stevedore/internal/entrypoint/create/credentials/createCredentials.go:136.2,137.19 2 2
github.com/gostevedore/stevedore/internal/entrypoint/create/credentials/createCredentials.go:141.2,141.16 1 2
github.com/gostevedore/stevedore/internal/entrypoint/create/credentials/createCredentials.go:128.60,130.3 1 1
github.com/gostevedore/stevedore/internal/entrypoint/create/credentials/createCredentials.go:132.34,134.3 1 1
github.com/gostevedore/stevedore/internal/entrypoint/create/credentials/createCredentials.go:137.19,139.3 1 1
github.com/gostevedore/stevedore/internal/entrypoint/create/credentials/createCredentials.go:144.151,148.20 2 5
github.com/gostevedore/stevedore/internal/entrypoint/create/credentials/createCredentials.go:152.2,152.17 1 4
github.com/gostevedore/stevedore/internal/entrypoint/create/credentials/createCredentials.go:156.2,156.29 1 3
github.com/gostevedore/stevedore/internal/entrypoint/create/credentials/createCredentials.go:160.2,160.40 1 2
github.com/gostevedore/stevedore/internal/entrypoint/create/credentials/createCredentials.go:164.2,164.38 1 1
github.com/gostevedore/stevedore/internal/entrypoint/create/credentials/createCredentials.go:171.2,171.18 1 1
github.com/gostevedore/stevedore/internal/entrypoint/create/credentials/createCredentials.go:148.20,150.3 1 1
github.com/gostevedore/stevedore/internal/entrypoint/create/credentials/createCredentials.go:152.17,154.3 1 1
github.com/gostevedore/stevedore/internal/entrypoint/create/credentials/createCredentials.go:156.29,158.3 1 1
github.com/gostevedore/stevedore/internal/entrypoint/create/credentials/createCredentials.go:160.40,162.3 1 1
github.com/gostevedore/stevedore/internal/entrypoint/create/credentials/createCredentials.go:165.30,166.37 1 1
github.com/gostevedore/stevedore/internal/entrypoint/create/credentials/createCredentials.go:166.37,168.4 1 1
github.com/gostevedore/stevedore/internal/entrypoint/create/credentials/createCredentials.go:175.69,179.22 2 3
github.com/gostevedore/stevedore/internal/entrypoint/create/credentials/createCredentials.go:183.2,184.16 2 2
github.com/gostevedore/stevedore/internal/entrypoint/create/credentials/createCredentials.go:187.2,189.22 2 2
github.com/gostevedore/stevedore/internal/entrypoint/create/credentials/createCredentials.go:179.22,181.3 1 1
github.com/gostevedore/stevedore/internal/entrypoint/create/credentials/createCredentials.go:184.16,186.3 1 0
github.com/gostevedore/stevedore/internal/entrypoint/create/credentials/createCredentials.go:194.79,198.22 2 3
github.com/gostevedore/stevedore/internal/entrypoint/create/credentials/createCredentials.go:202.2,203.16 2 2
github.com/gostevedore/stevedore/internal/entrypoint/create/credentials/createCredentials.go:206.2,208.32 2 2
github.com/gostevedore/stevedore/internal/entrypoint/create/credentials/createCredentials.go:198.22,200.3 1 1
github.com/gostevedore/stevedore/internal/entrypoint/create/credentials/createCredentials.go:203.16,205.3 1 0
github.com/gostevedore/stevedore/internal/entrypoint/create/credentials/createCredentials.go:212.79,216.22 2 1
github.com/gostevedore/stevedore/internal/entrypoint/create/credentials/createCredentials.go:220.2,221.16 2 1
github.com/gostevedore/stevedore/internal/entrypoint/create/credentials/createCredentials.go:224.2,226.32 2 1
github.com/gostevedore/stevedore/internal/entrypoint/create/credentials/createCredentials.go:216.22,218.3 1 0
github.com/gostevedore/stevedore/internal/entrypoint/create/credentials/createCredentials.go:221.16,223.3 1 0
github.com/gostevedore/stevedore/internal/entrypoint/create/credentials/createCredentials.go:230.158,236.32 4 5
github.com/gostevedore/stevedore/internal/entrypoint/create/credentials/createCredentials.go:240.2,240.35 1 4
github.com/gostevedore/stevedore/internal/entrypoint/create/credentials/createCredentials.go:244.2,250.55 7 3
github.com/gostevedore/stevedore/internal/entrypoint/create/credentials/createCredentials.go:253.2,253.60 1 3
github.com/gostevedore/stevedore/internal/entrypoint/create/credentials/createCredentials.go:256.2,262.40 6 3
github.com/gostevedore/stevedore/internal/entrypoint/create/credentials/createCredentials.go:270.2,270.46 1 3
github.com/gostevedore/stevedore/internal/entrypoint/create/credentials/createCredentials.go:278.2,278.50 1 3
github.com/gostevedore/stevedore/internal/entrypoint/create/credentials/createCredentials.go:286.2,286.21 1 3
github.com/gostevedore/stevedore/internal/entrypoint/create/credentials/createCredentials.go:236.32,238.3 1 1
github.com/gostevedore/stevedore/internal/entrypoint/create/credentials/createCredentials.go:240.35,242.3 1 1
github.com/gostevedore/stevedore/internal/entrypoint/create/credentials/createCredentials.go:250.55,252.3 1 1
github.com/gostevedore/stevedore/internal/entrypoint/create/credentials/createCredentials.go:253.60,255.3 1 1
github.com/gostevedore/stevedore/internal/entrypoint/create/credentials/createCredentials.go:262.40,264.17 2 1
github.com/gostevedore/stevedore/internal/entrypoint/create/credentials/createCredentials.go:267.3,267.30 1 1
github.com/gostevedore/stevedore/internal/entrypoint/create/credentials/createCredentials.go:264.17,266.4 1 0
github.com/gostevedore/stevedore/internal/entrypoint/create/credentials/createCredentials.go:270.46,272.17 2 1
github.com/gostevedore/stevedore/internal/entrypoint/create/credentials/createCredentials.go:275.3,275.50 1 1
github.com/gostevedore/stevedore/internal/entrypoint/create/credentials/createCredentials.go:272.17,274.4 1 0
github.com/gostevedore/stevedore/internal/entrypoint/create/credentials/createCredentials.go:278.50,280.17 2 1
github.com/gostevedore/stevedore/internal/entrypoint/create/credentials/createCredentials.go:283.3,283.50 1 1
github.com/gostevedore/stevedore/internal/entrypoint/create/credentials/createCredentials.go:280.17,282.4 1 0
github.com/gostevedore/stevedore/internal/entrypoint/create/credentials/createCredentials.go:289.140,292.23 2 4
github.com/gostevedore/stevedore/internal/entrypoint/create/credentials/createCredentials.go:296.2,298.16 3 3
github.com/gostevedore/stevedore/internal/entrypoint/create/credentials/createCredentials.go:302.2,302.31 1 3
github.com/gostevedore/stevedore/internal/entrypoint/create/credentials/createCredentials.go:292.23,294.3 1 1
github.com/gostevedore/stevedore/internal/entrypoint/create/credentials/createCredentials.go:298.16,300.3 1 0
github.com/gostevedore/stevedore/internal/entrypoint/create/credentials/createCredentials.go:305.162,311.16 5 1
github.com/gostevedore/stevedore/internal/entrypoint/create/credentials/createCredentials.go:315.2,326.19 3 1
github.com/gostevedore/stevedore/internal/entrypoint/create/credentials/createCredentials.go:311.16,313.3 1 0
github.com/gostevedore/stevedore/internal/entrypoint/create/credentials/createCredentials.go:329.193,335.17 4 7
github.com/gostevedore/stevedore/internal/entrypoint/create/credentials/createCredentials.go:339.2,339.17 1 6
github.com/gostevedore/stevedore/internal/entrypoint/create/credentials/createCredentials.go:343.2,343.33 1 5
github.com/gostevedore/stevedore/internal/entrypoint/create/credentials/createCredentials.go:347.2,347.17 1 4
github.com/gostevedore/stevedore/internal/entrypoint/create/credentials/createCredentials.go:351.2,352.16 2 3
github.com/gostevedore/stevedore/internal/entrypoint/create/credentials/createCredentials.go:356.2,363.30 2 2
github.com/gostevedore/stevedore/internal/entrypoint/create/credentials/createCredentials.go:371.2,373.19 2 2
github.com/gostevedore/stevedore/internal/entrypoint/create/credentials/createCredentials.go:335.17,337.3 1 1
github.com/gostevedore/stevedore/internal/entrypoint/create/credentials/createCredentials.go:339.17,341.3 1 1
github.com/gostevedore/stevedore/internal/entrypoint/create/credentials/createCredentials.go:343.33,345.3 1 1
github.com/gostevedore/stevedore/internal/entrypoint/create/credentials/createCredentials.go:347.17,349.3 1 1
github.com/gostevedore/stevedore/internal/entrypoint/create/credentials/createCredentials.go:352.16,354.3 1 1
github.com/gostevedore/stevedore/internal/entrypoint/create/credentials/createCredentials.go:363.30,369.3 2 0
github.com/gostevedore/stevedore/internal/entrypoint/create/credentials/createCredentials.go:376.154,383.17 5 7
github.com/gostevedore/stevedore/internal/entrypoint/create/credentials/createCredentials.go:387.2,387.29 1 7
github.com/gostevedore/stevedore/internal/entrypoint/create/credentials/createCredentials.go:391.2,391.40 1 6
github.com/gostevedore/stevedore/internal/entrypoint/create/credentials/createCredentials.go:395.2,395.20 1 5
github.com/gostevedore/stevedore/internal/entrypoint/create/credentials/createCredentials.go:399.2,399.38 1 4
github.com/gostevedore/stevedore/internal/entrypoint/create/credentials/createCredentials.go:439.2,439.19 1 2
github.com/gostevedore/stevedore/internal/entrypoint/create/credentials/createCredentials.go:383.17,385.3 1 0
github.com/gostevedore/stevedore/internal/entrypoint/create/credentials/createCredentials.go:387.29,389.3 1 1
github.com/gostevedore/stevedore/internal/entrypoint/create/credentials/createCredentials.go:391.40,393.3 1 1
github.com/gostevedore/stevedore/internal/entrypoint/create/credentials/createCredentials.go:395.20,397.3 1 1
github.com/gostevedore/stevedore/internal/entrypoint/create/credentials/createCredentials.go:400.30,402.29 1 3
github.com/gostevedore/stevedore/internal/entrypoint/create/credentials/createCredentials.go:406.3,406.36 1 2
github.com/gostevedore/stevedore/internal/entrypoint/create/credentials/createCredentials.go:410.3,413.17 4 1
github.com/gostevedore/stevedore/internal/entrypoint/create/credentials/createCredentials.go:417.3,417.26 1 1
github.com/gostevedore/stevedore/internal/entrypoint/create/credentials/createCredentials.go:429.32,431.17 2 1
github.com/gostevedore/stevedore/internal/entrypoint/create/credentials/createCredentials.go:435.10,436.125 1 0
github.com/gostevedore/stevedore/internal/entrypoint/create/credentials/createCredentials.go:402.29,404.4 1 1
github.com/gostevedore/stevedore/internal/entrypoint/create/credentials/createCredentials.go:406.36,408.4 1 1
github.com/gostevedore/stevedore/internal/entrypoint/create/credentials/createCredentials.go:413.17,415.4 1 0
github.com/gostevedore/stevedore/internal/entrypoint/create/credentials/createCredentials.go:417.26,419.18 2 1
github.com/gostevedore/stevedore/internal/entrypoint/create/credentials/createCredentials.go:419.18,421.5 1 0
github.com/gostevedore/stevedore/internal/entrypoint/create/credentials/createCredentials.go:422.9,424.18 2 0
github.com/gostevedore/stevedore/internal/entrypoint/create/credentials/createCredentials.go:424.18,426.5 1 0
github.com/gostevedore/stevedore/internal/entrypoint/create/credentials/createCredentials.go:431.17,433.4 1 0
github.com/gostevedore/stevedore/internal/entrypoint/create/credentials/createCredentials.go:442.247,446.17 2 0
github.com/gostevedore/stevedore/internal/entrypoint/create/credentials/createCredentials.go:450.2,450.17 1 0
github.com/gostevedore/stevedore/internal/entrypoint/create/credentials/createCredentials.go:454.2,454.33 1 0
github.com/gostevedore/stevedore/internal/entrypoint/create/credentials/createCredentials.go:458.2,458.19 1 0
github.com/gostevedore/stevedore/internal/entrypoint/create/credentials/createCredentials.go:462.2,462.17 1 0
github.com/gostevedore/stevedore/internal/entrypoint/create/credentials/createCredentials.go:466.2,473.30 2 0
github.com/gostevedore/stevedore/internal/entrypoint/create/credentials/createCredentials.go:481.2,483.19 2 0
github.com/gostevedore/stevedore/internal/entrypoint/create/credentials/createCredentials.go:446.17,448.3 1 0
github.com/gostevedore/stevedore/internal/entrypoint/create/credentials/createCredentials.go:450.17,452.3 1 0
github.com/gostevedore/stevedore/internal/entrypoint/create/credentials/createCredentials.go:454.33,456.3 1 0
github.com/gostevedore/stevedore/internal/entrypoint/create/credentials/createCredentials.go:458.19,460.3 1 0
github.com/gostevedore/stevedore/internal/entrypoint/create/credentials/createCredentials.go:462.17,464.3 1 0
github.com/gostevedore/stevedore/internal/entrypoint/create/credentials/createCredentials.go:473.30,479.3 2 0
github.com/gostevedore/stevedore/internal/entrypoint/get/configuration/getConfiguration.go:23.85,28.2 3 0
github.com/gostevedore/stevedore/internal/entrypoint/get/configuration/getConfiguration.go:31.42,32.45 1 0
github.com/gostevedore/stevedore/internal/entrypoint/get/configuration/getConfiguration.go:32.45,34.3 1 0
github.com/gostevedore/stevedore/internal/entrypoint/get/configuration/getConfiguration.go:38.67,39.27 1 0
github.com/gostevedore/stevedore/internal/entrypoint/get/configuration/getConfiguration.go:39.27,41.3 1 0
github.com/gostevedore/stevedore/internal/entrypoint/get/configuration/getConfiguration.go:45.123,67.16 10 0
github.com/gostevedore/stevedore/internal/entrypoint/get/configuration/getConfiguration.go:71.2,71.12 1 0
github.com/gostevedore/stevedore/internal/entrypoint/get/configuration/getConfiguration.go:67.16,69.3 1 0
github.com/gostevedore/stevedore/internal/entrypoint/get/configuration/mockEntrypoint.go:16.74,18.2 1 0
github.com/gostevedore/stevedore/internal/entrypoint/get/configuration/mockEntrypoint.go:21.127,24.2 2 0
github.com/gostevedore/stevedore/internal/entrypoint/get/credentials/getCredentials.go:41.53,46.2 3 11
github.com/gostevedore/stevedore/internal/entrypoint/get/credentials/getCredentials.go:49.46,50.29 1 1
github.com/gostevedore/stevedore/internal/entrypoint/get/credentials/getCredentials.go:50.29,52.3 1 1
github.com/gostevedore/stevedore/internal/entrypoint/get/credentials/getCredentials.go:56.46,57.29 1 7
github.com/gostevedore/stevedore/internal/entrypoint/get/credentials/getCredentials.go:57.29,59.3 1 7
github.com/gostevedore/stevedore/internal/entrypoint/get/credentials/getCredentials.go:63.55,64.29 1 5
github.com/gostevedore/stevedore/internal/entrypoint/get/credentials/getCredentials.go:64.29,66.3 1 5
github.com/gostevedore/stevedore/internal/entrypoint/get/credentials/getCredentials.go:70.51,71.27 1 11
github.com/gostevedore/stevedore/internal/entrypoint/get/credentials/getCredentials.go:71.27,73.3 1 13
github.com/gostevedore/stevedore/internal/entrypoint/get/credentials/getCredentials.go:77.140,89.21 10 2
github.com/gostevedore/stevedore/internal/entrypoint/get/credentials/getCredentials.go:93.2,94.16 2 1
github.com/gostevedore/stevedore/internal/entrypoint/get/credentials/getCredentials.go:98.2,107.40 8 1
github.com/gostevedore/stevedore/internal/entrypoint/get/credentials/getCredentials.go:117.2,135.16 5 1
github.com/gostevedore/stevedore/internal/entrypoint/get/credentials/getCredentials.go:139.2,139.12 1 1
github.com/gostevedore/stevedore/internal/entrypoint/get/credentials/getCredentials.go:89.21,91.3 1 1
github.com/gostevedore/stevedore/internal/entrypoint/get/credentials/getCredentials.go:94.16,96.3 1 0
github.com/gostevedore/stevedore/internal/entrypoint/get/credentials/getCredentials.go:107.40,115.3 4 0
github.com/gostevedore/stevedore/internal/entrypoint/get/credentials/getCredentials.go:135.16,137.3 1 0
github.com/gostevedore/stevedore/internal/entrypoint/get/credentials/getCredentials.go:142.122,145.23 2 6
github.com/gostevedore/stevedore/internal/entrypoint/get/credentials/getCredentials.go:149.2,151.16 3 6
github.com/gostevedore/stevedore/internal/entrypoint/get/credentials/getCredentials.go:155.2,155.31 1 6
github.com/gostevedore/stevedore/internal/entrypoint/get/credentials/getCredentials.go:145.23,147.3 1 0
github.com/gostevedore/stevedore/internal/entrypoint/get/credentials/getCredentials.go:151.16,153.3 1 0
github.com/gostevedore/stevedore/internal/entrypoint/get/credentials/getCredentials.go:158.139,164.17 4 8
github.com/gostevedore/stevedore/internal/entrypoint/get/credentials/getCredentials.go:168.2,168.17 1 7
github.com/gostevedore/stevedore/internal/entrypoint/get/credentials/getCredentials.go:172.2,172.28 1 6
github.com/gostevedore/stevedore/internal/entrypoint/get/credentials/getCredentials.go:176.2,177.16 2 5
github.com/gostevedore/stevedore/internal/entrypoint/get/credentials/getCredentials.go:181.2,190.30 3 5
github.com/gostevedore/stevedore/internal/entrypoint/get/credentials/getCredentials.go:198.2,200.19 2 5
github.com/gostevedore/stevedore/internal/entrypoint/get/credentials/getCredentials.go:164.17,166.3 1 1
github.com/gostevedore/stevedore/internal/entrypoint/get/credentials/getCredentials.go:168.17,170.3 1 1
github.com/gostevedore/stevedore/internal/entrypoint/get/credentials/getCredentials.go:172.28,174.3 1 1
github.com/gostevedore/stevedore/internal/entrypoint/get/credentials/getCredentials.go:177.16,179.3 1 0
github.com/gostevedore/stevedore/internal/entrypoint/get/credentials/getCredentials.go:190.30,196.3 2 0
github.com/gostevedore/stevedore/internal/entrypoint/get/credentials/getCredentials.go:203.145,211.16 5 1
github.com/gostevedore/stevedore/internal/entrypoint/get/credentials/getCredentials.go:215.2,225.19 3 1
github.com/gostevedore/stevedore/internal/entrypoint/get/credentials/getCredentials.go:211.16,213.3 1 0
github.com/gostevedore/stevedore/internal/entrypoint/get/credentials/getCredentials.go:228.121,233.17 4 5
github.com/gostevedore/stevedore/internal/entrypoint/get/credentials/getCredentials.go:237.2,237.29 1 4
github.com/gostevedore/stevedore/internal/entrypoint/get/credentials/getCredentials.go:241.2,241.35 1 3
[...]
github.com/gostevedore/stevedore/internal/infrastructure/store/images/mockStore.go:54.53,58.2 2 0
github.com/gostevedore/stevedore/internal/infrastructure/store/images/store.go:34.50,44.2 1 13
github.com/gostevedore/stevedore/internal/infrastructure/store/images/store.go:47.74,51.21 3 6
github.com/gostevedore/stevedore/internal/infrastructure/store/images/store.go:55.2,55.16 1 5
github.com/gostevedore/stevedore/internal/infrastructure/store/images/store.go:59.2,59.19 1 4
github.com/gostevedore/stevedore/internal/infrastructure/store/images/store.go:63.2,63.14 1 3
github.com/gostevedore/stevedore/internal/infrastructure/store/images/store.go:67.2,70.49 3 2
github.com/gostevedore/stevedore/internal/infrastructure/store/images/store.go:80.2,81.16 2 1
github.com/gostevedore/stevedore/internal/infrastructure/store/images/store.go:85.2,86.16 2 1
github.com/gostevedore/stevedore/internal/infrastructure/store/images/store.go:90.2,91.16 2 1
github.com/gostevedore/stevedore/internal/infrastructure/store/images/store.go:95.2,97.12 2 1
github.com/gostevedore/stevedore/internal/infrastructure/store/images/store.go:51.21,53.3 1 1
github.com/gostevedore/stevedore/internal/infrastructure/store/images/store.go:55.16,57.3 1 1
github.com/gostevedore/stevedore/internal/infrastructure/store/images/store.go:59.19,61.3 1 1
github.com/gostevedore/stevedore/internal/infrastructure/store/images/store.go:63.14,65.3 1 1
github.com/gostevedore/stevedore/internal/infrastructure/store/images/store.go:70.49,73.17 2 1
github.com/gostevedore/stevedore/internal/infrastructure/store/images/store.go:77.3,77.13 1 1
github.com/gostevedore/stevedore/internal/infrastructure/store/images/store.go:73.17,75.4 1 0
github.com/gostevedore/stevedore/internal/infrastructure/store/images/store.go:81.16,83.3 1 0
github.com/gostevedore/stevedore/internal/infrastructure/store/images/store.go:86.16,88.3 1 0
github.com/gostevedore/stevedore/internal/infrastructure/store/images/store.go:91.16,93.3 1 0
github.com/gostevedore/stevedore/internal/infrastructure/store/images/store.go:100.79,104.16 2 5
github.com/gostevedore/stevedore/internal/infrastructure/store/images/store.go:108.2,108.19 1 4
github.com/gostevedore/stevedore/internal/infrastructure/store/images/store.go:112.2,113.45 2 3
github.com/gostevedore/stevedore/internal/infrastructure/store/images/store.go:117.2,118.12 2 3
github.com/gostevedore/stevedore/internal/infrastructure/store/images/store.go:126.2,126.12 1 3
github.com/gostevedore/stevedore/internal/infrastructure/store/images/store.go:104.16,106.3 1 1
github.com/gostevedore/stevedore/internal/infrastructure/store/images/store.go:108.19,110.3 1 1
github.com/gostevedore/stevedore/internal/infrastructure/store/images/store.go:113.45,115.3 1 1
github.com/gostevedore/stevedore/internal/infrastructure/store/images/store.go:118.12,122.3 1 2
github.com/gostevedore/stevedore/internal/infrastructure/store/images/store.go:122.8,124.3 1 1
github.com/gostevedore/stevedore/internal/infrastructure/store/images/store.go:129.101,134.16 3 7
github.com/gostevedore/stevedore/internal/infrastructure/store/images/store.go:138.2,138.19 1 6
github.com/gostevedore/stevedore/internal/infrastructure/store/images/store.go:142.2,142.14 1 5
github.com/gostevedore/stevedore/internal/infrastructure/store/images/store.go:146.2,146.51 1 4
github.com/gostevedore/stevedore/internal/infrastructure/store/images/store.go:150.2,151.12 2 4
github.com/gostevedore/stevedore/internal/infrastructure/store/images/store.go:169.2,169.12 1 4
github.com/gostevedore/stevedore/internal/infrastructure/store/images/store.go:134.16,136.3 1 1
github.com/gostevedore/stevedore/internal/infrastructure/store/images/store.go:138.19,140.3 1 1
github.com/gostevedore/stevedore/internal/infrastructure/store/images/store.go:142.14,144.3 1 1
github.com/gostevedore/stevedore/internal/infrastructure/store/images/store.go:146.51,148.3 1 1
github.com/gostevedore/stevedore/internal/infrastructure/store/images/store.go:151.12,157.3 1 2
github.com/gostevedore/stevedore/internal/infrastructure/store/images/store.go:157.8,159.13 2 2
github.com/gostevedore/stevedore/internal/infrastructure/store/images/store.go:159.13,163.4 1 1
github.com/gostevedore/stevedore/internal/infrastructure/store/images/store.go:163.9,166.4 1 1
github.com/gostevedore/stevedore/internal/infrastructure/store/images/store.go:172.68,177.16 3 5
github.com/gostevedore/stevedore/internal/infrastructure/store/images/store.go:181.2,181.14 1 4
github.com/gostevedore/stevedore/internal/infrastructure/store/images/store.go:185.2,185.26 1 3
github.com/gostevedore/stevedore/internal/infrastructure/store/images/store.go:189.2,190.12 2 3
github.com/gostevedore/stevedore/internal/infrastructure/store/images/store.go:198.2,198.29 1 3
github.com/gostevedore/stevedore/internal/infrastructure/store/images/store.go:202.2,202.12 1 3
github.com/gostevedore/stevedore/internal/infrastructure/store/images/store.go:177.16,179.3 1 1
github.com/gostevedore/stevedore/internal/infrastructure/store/images/store.go:181.14,183.3 1 1
github.com/gostevedore/stevedore/internal/infrastructure/store/images/store.go:185.26,187.3 1 1
github.com/gostevedore/stevedore/internal/infrastructure/store/images/store.go:190.12,194.3 1 2
github.com/gostevedore/stevedore/internal/infrastructure/store/images/store.go:194.8,196.3 1 1
github.com/gostevedore/stevedore/internal/infrastructure/store/images/store.go:198.29,200.3 1 4
github.com/gostevedore/stevedore/internal/infrastructure/store/images/store.go:208.71,212.16 2 6
github.com/gostevedore/stevedore/internal/infrastructure/store/images/store.go:216.2,216.14 1 5
github.com/gostevedore/stevedore/internal/infrastructure/store/images/store.go:220.2,220.33 1 4
github.com/gostevedore/stevedore/internal/infrastructure/store/images/store.go:224.2,225.11 2 4
github.com/gostevedore/stevedore/internal/infrastructure/store/images/store.go:229.2,233.12 3 3
github.com/gostevedore/stevedore/internal/infrastructure/store/images/store.go:212.16,214.3 1 1
github.com/gostevedore/stevedore/internal/infrastructure/store/images/store.go:216.14,218.3 1 1
github.com/gostevedore/stevedore/internal/infrastructure/store/images/store.go:220.33,222.3 1 0
github.com/gostevedore/stevedore/internal/infrastructure/store/images/store.go:225.11,227.3 1 1
github.com/gostevedore/stevedore/internal/infrastructure/store/images/store.go:237.48,241.20 2 2
github.com/gostevedore/stevedore/internal/infrastructure/store/images/store.go:245.2,246.21 2 1
github.com/gostevedore/stevedore/internal/infrastructure/store/images/store.go:241.20,243.3 1 1
github.com/gostevedore/stevedore/internal/infrastructure/store/images/store.go:250.65,254.118 2 4
github.com/gostevedore/stevedore/internal/infrastructure/store/images/store.go:258.2,261.72 2 1
github.com/gostevedore/stevedore/internal/infrastructure/store/images/store.go:268.2,270.18 2 1
github.com/gostevedore/stevedore/internal/infrastructure/store/images/store.go:254.118,256.3 1 3
github.com/gostevedore/stevedore/internal/infrastructure/store/images/store.go:261.72,262.96 1 2
github.com/gostevedore/stevedore/internal/infrastructure/store/images/store.go:262.96,265.4 2 4
github.com/gostevedore/stevedore/internal/infrastructure/store/images/store.go:274.75,282.106 5 15
github.com/gostevedore/stevedore/internal/infrastructure/store/images/store.go:286.2,289.49 2 12
github.com/gostevedore/stevedore/internal/infrastructure/store/images/store.go:294.2,295.11 2 10
github.com/gostevedore/stevedore/internal/infrastructure/store/images/store.go:299.2,300.51 2 7
github.com/gostevedore/stevedore/internal/infrastructure/store/images/store.go:305.2,307.18 2 7
github.com/gostevedore/stevedore/internal/infrastructure/store/images/store.go:282.106,284.3 1 3
github.com/gostevedore/stevedore/internal/infrastructure/store/images/store.go:289.49,292.3 2 2
github.com/gostevedore/stevedore/internal/infrastructure/store/images/store.go:295.11,297.3 1 3
github.com/gostevedore/stevedore/internal/infrastructure/store/images/store.go:300.51,303.3 2 6
github.com/gostevedore/stevedore/internal/infrastructure/store/images/store.go:311.88,322.16 6 8
github.com/gostevedore/stevedore/internal/infrastructure/store/images/store.go:326.2,326.33 1 8
github.com/gostevedore/stevedore/internal/infrastructure/store/images/store.go:331.2,332.16 2 3
github.com/gostevedore/stevedore/internal/infrastructure/store/images/store.go:336.2,336.26 1 3
github.com/gostevedore/stevedore/internal/infrastructure/store/images/store.go:340.2,341.16 2 2
github.com/gostevedore/stevedore/internal/infrastructure/store/images/store.go:345.2,347.33 2 2
github.com/gostevedore/stevedore/internal/infrastructure/store/images/store.go:322.16,324.3 1 0
github.com/gostevedore/stevedore/internal/infrastructure/store/images/store.go:326.33,328.3 1 5
github.com/gostevedore/stevedore/internal/infrastructure/store/images/store.go:332.16,334.3 1 0
github.com/gostevedore/stevedore/internal/infrastructure/store/images/store.go:336.26,338.3 1 1
github.com/gostevedore/stevedore/internal/infrastructure/store/images/store.go:341.16,343.3 1 0
github.com/gostevedore/stevedore/internal/infrastructure/store/images/store.go:350.70,354.33 2 8
github.com/gostevedore/stevedore/internal/infrastructure/store/images/store.go:358.2,359.12 2 7
github.com/gostevedore/stevedore/internal/infrastructure/store/images/store.go:363.2,363.15 1 5
github.com/gostevedore/stevedore/internal/infrastructure/store/images/store.go:354.33,356.3 1 1
github.com/gostevedore/stevedore/internal/infrastructure/store/images/store.go:359.12,361.3 1 2
github.com/gostevedore/stevedore/internal/infrastructure/store/images/store.go:366.110,374.14 5 5
github.com/gostevedore/stevedore/internal/infrastructure/store/images/store.go:378.2,379.16 2 4
github.com/gostevedore/stevedore/internal/infrastructure/store/images/store.go:382.2,385.19 2 4
github.com/gostevedore/stevedore/internal/infrastructure/store/images/store.go:412.2,413.16 2 3
github.com/gostevedore/stevedore/internal/infrastructure/store/images/store.go:417.2,417.27 1 3
github.com/gostevedore/stevedore/internal/infrastructure/store/images/store.go:374.14,376.3 1 1
github.com/gostevedore/stevedore/internal/infrastructure/store/images/store.go:379.16,381.3 1 0
github.com/gostevedore/stevedore/internal/infrastructure/store/images/store.go:385.19,388.17 2 4
github.com/gostevedore/stevedore/internal/infrastructure/store/images/store.go:392.3,392.34 1 4
github.com/gostevedore/stevedore/internal/infrastructure/store/images/store.go:400.3,400.35 1 3
github.com/gostevedore/stevedore/internal/infrastructure/store/images/store.go:388.17,390.4 1 0
github.com/gostevedore/stevedore/internal/infrastructure/store/images/store.go:392.34,394.46 2 1
github.com/gostevedore/stevedore/internal/infrastructure/store/images/store.go:397.4,397.43 1 1
github.com/gostevedore/stevedore/internal/infrastructure/store/images/store.go:394.46,396.5 1 2
github.com/gostevedore/stevedore/internal/infrastructure/store/images/store.go:400.35,402.4 1 3
github.com/gostevedore/stevedore/internal/infrastructure/store/images/store.go:413.16,415.3 1 0
github.com/gostevedore/stevedore/internal/infrastructure/store/images/store.go:420.49,423.16 2 3
github.com/gostevedore/stevedore/internal/infrastructure/store/images/store.go:427.2,427.26 1 3
github.com/gostevedore/stevedore/internal/infrastructure/store/images/store.go:431.2,431.40 1 2
github.com/gostevedore/stevedore/internal/infrastructure/store/images/store.go:435.2,435.13 1 1
github.com/gostevedore/stevedore/internal/infrastructure/store/images/store.go:423.16,425.3 1 0
github.com/gostevedore/stevedore/internal/infrastructure/store/images/store.go:427.26,429.3 1 1
github.com/gostevedore/stevedore/internal/infrastructure/store/images/store.go:431.40,433.3 1 1
github.com/gostevedore/stevedore/internal/infrastructure/store/credentials/local/localStore.go:31.53,35.2 3 14
github.com/gostevedore/stevedore/internal/infrastructure/store/credentials/local/localStore.go:37.76,38.29 1 14
github.com/gostevedore/stevedore/internal/infrastructure/store/credentials/local/localStore.go:38.29,40.3 1 14
github.com/gostevedore/stevedore/internal/infrastructure/store/credentials/local/localStore.go:43.46,44.29 1 14
github.com/gostevedore/stevedore/internal/infrastructure/store/credentials/local/localStore.go:44.29,46.3 1 14
github.com/gostevedore/stevedore/internal/infrastructure/store/credentials/local/localStore.go:50.61,51.29 1 14
github.com/gostevedore/stevedore/internal/infrastructure/store/credentials/local/localStore.go:51.29,53.3 1 14
github.com/gostevedore/stevedore/internal/infrastructure/store/credentials/local/localStore.go:56.40,57.29 1 14
github.com/gostevedore/stevedore/internal/infrastructure/store/credentials/local/localStore.go:57.29,59.3 1 14
github.com/gostevedore/stevedore/internal/infrastructure/store/credentials/local/localStore.go:62.46,63.29 1 2
github.com/gostevedore/stevedore/internal/infrastructure/store/credentials/local/localStore.go:63.29,65.3 1 2
github.com/gostevedore/stevedore/internal/infrastructure/store/credentials/local/localStore.go:69.51,70.27 1 14
github.com/gostevedore/stevedore/internal/infrastructure/store/credentials/local/localStore.go:70.27,72.3 1 58
github.com/gostevedore/stevedore/internal/infrastructure/store/credentials/local/localStore.go:75.85,81.16 5 4
github.com/gostevedore/stevedore/internal/infrastructure/store/credentials/local/localStore.go:85.2,87.60 2 4
github.com/gostevedore/stevedore/internal/infrastructure/store/credentials/local/localStore.go:91.2,92.16 2 2
github.com/gostevedore/stevedore/internal/infrastructure/store/credentials/local/localStore.go:96.2,96.12 1 2
github.com/gostevedore/stevedore/internal/infrastructure/store/credentials/local/localStore.go:81.16,83.3 1 0
github.com/gostevedore/stevedore/internal/infrastructure/store/credentials/local/localStore.go:87.60,89.3 1 2
github.com/gostevedore/stevedore/internal/infrastructure/store/credentials/local/localStore.go:92.16,94.3 1 0
github.com/gostevedore/stevedore/internal/infrastructure/store/credentials/local/localStore.go:100.81,108.18 5 7
github.com/gostevedore/stevedore/internal/infrastructure/store/credentials/local/localStore.go:112.2,112.14 1 6
github.com/gostevedore/stevedore/internal/infrastructure/store/credentials/local/localStore.go:116.2,116.23 1 5
github.com/gostevedore/stevedore/internal/infrastructure/store/credentials/local/localStore.go:120.2,120.25 1 4
github.com/gostevedore/stevedore/internal/infrastructure/store/credentials/local/localStore.go:124.2,125.16 2 4
github.com/gostevedore/stevedore/internal/infrastructure/store/credentials/local/localStore.go:129.2,130.16 2 4
github.com/gostevedore/stevedore/internal/infrastructure/store/credentials/local/localStore.go:134.2,138.16 4 4
github.com/gostevedore/stevedore/internal/infrastructure/store/credentials/local/localStore.go:142.2,143.16 2 4
github.com/gostevedore/stevedore/internal/infrastructure/store/credentials/local/localStore.go:147.2,147.25 1 4
github.com/gostevedore/stevedore/internal/infrastructure/store/credentials/local/localStore.go:154.2,155.16 2 4
github.com/gostevedore/stevedore/internal/infrastructure/store/credentials/local/localStore.go:159.2,159.12 1 4
github.com/gostevedore/stevedore/internal/infrastructure/store/credentials/local/localStore.go:108.18,110.3 1 1
github.com/gostevedore/stevedore/internal/infrastructure/store/credentials/local/localStore.go:112.14,114.3 1 1
github.com/gostevedore/stevedore/internal/infrastructure/store/credentials/local/localStore.go:116.23,118.3 1 1
github.com/gostevedore/stevedore/internal/infrastructure/store/credentials/local/localStore.go:120.25,122.3 1 4
github.com/gostevedore/stevedore/internal/infrastructure/store/credentials/local/localStore.go:125.16,127.3 1 0
github.com/gostevedore/stevedore/internal/infrastructure/store/credentials/local/localStore.go:130.16,132.3 1 0
github.com/gostevedore/stevedore/internal/infrastructure/store/credentials/local/localStore.go:138.16,140.3 1 0
github.com/gostevedore/stevedore/internal/infrastructure/store/credentials/local/localStore.go:143.16,145.3 1 0
github.com/gostevedore/stevedore/internal/infrastructure/store/credentials/local/localStore.go:147.25,149.17 2 1
github.com/gostevedore/stevedore/internal/infrastructure/store/credentials/local/localStore.go:149.17,151.4 1 0
github.com/gostevedore/stevedore/internal/infrastructure/store/credentials/local/localStore.go:155.16,157.3 1 0
github.com/gostevedore/stevedore/internal/infrastructure/store/credentials/local/localStore.go:163.70,169.14 4 3
github.com/gostevedore/stevedore/internal/infrastructure/store/credentials/local/localStore.go:173.2,174.16 2 2
github.com/gostevedore/stevedore/internal/infrastructure/store/credentials/local/localStore.go:178.2,179.16 2 2
github.com/gostevedore/stevedore/internal/infrastructure/store/credentials/local/localStore.go:183.2,183.24 1 2
github.com/gostevedore/stevedore/internal/infrastructure/store/credentials/local/localStore.go:169.14,171.3 1 1
github.com/gostevedore/stevedore/internal/infrastructure/store/credentials/local/localStore.go:174.16,176.3 1 0
github.com/gostevedore/stevedore/internal/infrastructure/store/credentials/local/localStore.go:179.16,181.3 1 0
github.com/gostevedore/stevedore/internal/infrastructure/store/credentials/local/localStore.go:187.70,196.16 7 3
github.com/gostevedore/stevedore/internal/infrastructure/store/credentials/local/localStore.go:200.2,200.25 1 3
github.com/gostevedore/stevedore/internal/infrastructure/store/credentials/local/localStore.go:208.2,209.16 2 3
github.com/gostevedore/stevedore/internal/infrastructure/store/credentials/local/localStore.go:213.2,213.25 1 3
github.com/gostevedore/stevedore/internal/infrastructure/store/credentials/local/localStore.go:217.2,218.16 2 3
github.com/gostevedore/stevedore/internal/infrastructure/store/credentials/local/localStore.go:222.2,222.24 1 3
github.com/gostevedore/stevedore/internal/infrastructure/store/credentials/local/localStore.go:196.16,198.3 1 0
github.com/gostevedore/stevedore/internal/infrastructure/store/credentials/local/localStore.go:200.25,202.17 2 1
github.com/gostevedore/stevedore/internal/infrastructure/store/credentials/local/localStore.go:205.3,205.33 1 1
github.com/gostevedore/stevedore/internal/infrastructure/store/credentials/local/localStore.go:202.17,204.4 1 0
github.com/gostevedore/stevedore/internal/infrastructure/store/credentials/local/localStore.go:209.16,211.3 1 0
github.com/gostevedore/stevedore/internal/infrastructure/store/credentials/local/localStore.go:213.25,215.3 1 2
github.com/gostevedore/stevedore/internal/infrastructure/store/credentials/local/localStore.go:218.16,220.3 1 0
github.com/gostevedore/stevedore/internal/infrastructure/store/credentials/local/localStore.go:226.63,231.80 3 2
github.com/gostevedore/stevedore/internal/infrastructure/store/credentials/local/localStore.go:248.2,248.25 1 2
github.com/gostevedore/stevedore/internal/infrastructure/store/credentials/local/localStore.go:231.80,236.17 3 3
github.com/gostevedore/stevedore/internal/infrastructure/store/credentials/local/localStore.go:240.3,240.20 1 3
github.com/gostevedore/stevedore/internal/infrastructure/store/credentials/local/localStore.go:245.3,245.13 1 3
github.com/gostevedore/stevedore/internal/infrastructure/store/credentials/local/localStore.go:236.17,238.4 1 0
github.com/gostevedore/stevedore/internal/infrastructure/store/credentials/local/localStore.go:240.20,243.4 2 1
github.com/gostevedore/stevedore/internal/infrastructure/store/credentials/local/localStoreWithSafeStore.go:14.79,20.2 2 2
github.com/gostevedore/stevedore/internal/infrastructure/store/credentials/local/localStoreWithSafeStore.go:22.94,26.16 3 2
github.com/gostevedore/stevedore/internal/infrastructure/store/credentials/local/localStoreWithSafeStore.go:30.2,30.12 1 1
github.com/gostevedore/stevedore/internal/infrastructure/store/credentials/local/localStoreWithSafeStore.go:26.16,28.3 1 1
